2025-01-25 14:13:33,583 - INFO - ========================================
2025-01-25 14:13:33,584 - INFO - Résumé des chasses :
2025-01-25 14:13:33,584 - INFO -   - Chasses réussies : 0
2025-01-25 14:13:33,584 - INFO -   - Chasses ratées   : 0
2025-01-25 14:13:33,584 - INFO -   - Temps écoulé     : 0h 0m 0s
2025-01-25 14:13:33,584 - INFO - ========================================
2025-01-25 14:13:33,584 - INFO - On regarde si chasse en cours
2025-01-25 14:13:34,140 - ERROR - Aucune correspondance trouvée pour [chasse] avec un score suffisant.
2025-01-25 14:13:34,141 - INFO - Pas de chasse en cours
2025-01-25 14:13:34,141 - INFO - 👜
2025-01-25 14:13:42,189 - INFO - champs de cania
2025-01-25 14:14:12,449 - INFO - 🚪
2025-01-25 14:14:13,994 - INFO - 🚪 ✅
2025-01-25 14:14:22,425 - INFO - ☀️
2025-01-25 14:14:23,195 - INFO - ☀️ ✅
2025-01-25 14:14:28,196 - INFO - 📖
2025-01-25 14:14:47,780 - INFO - 👜
2025-01-25 14:14:56,567 - INFO - La Bourgade
2025-01-25 14:15:06,541 - INFO - Voyage pos actuelle : (-78, -41)
2025-01-25 14:15:08,757 - INFO - Voyage pos actuelle : (-77, -41)
2025-01-25 14:15:11,048 - INFO - Voyage pos actuelle : None
2025-01-25 14:15:13,266 - INFO - Voyage pos actuelle : (-77, -40)
2025-01-25 14:15:15,472 - INFO - Voyage pos actuelle : (-77, -39)
2025-01-25 14:15:17,677 - INFO - Voyage pos actuelle : (-77, -39)
2025-01-25 14:15:19,893 - INFO - Voyage pos actuelle : (-77, -38)
2025-01-25 14:15:22,158 - INFO - Voyage pos actuelle : None
2025-01-25 14:15:24,374 - INFO - Voyage pos actuelle : (-77, -37)
2025-01-25 14:15:26,590 - INFO - Voyage pos actuelle : (-76, -37)
2025-01-25 14:15:28,797 - INFO - Voyage pos actuelle : (-76, -37)
2025-01-25 14:15:31,015 - INFO - Voyage pos actuelle : (-75, -37)
2025-01-25 14:15:33,232 - INFO - Voyage pos actuelle : (-75, -37)
2025-01-25 14:15:35,476 - INFO - Voyage pos actuelle : (-74, -37)
2025-01-25 14:15:37,695 - INFO - Voyage pos actuelle : (-73, -37)
2025-01-25 14:15:39,907 - INFO - Voyage pos actuelle : (-73, -36)
2025-01-25 14:15:42,120 - INFO - Voyage pos actuelle : (-73, -36)
2025-01-25 14:15:44,334 - INFO - Voyage pos actuelle : (-73, -35)
2025-01-25 14:15:46,548 - INFO - Voyage pos actuelle : (-73, -34)
2025-01-25 14:15:48,744 - INFO - Voyage pos actuelle : (-73, -34)
2025-01-25 14:15:50,963 - INFO - Voyage pos actuelle : (-72, -34)
2025-01-25 14:15:53,226 - INFO - Voyage pos actuelle : None
2025-01-25 14:15:55,460 - INFO - Voyage pos actuelle : (-71, -34)
2025-01-25 14:15:57,672 - INFO - Voyage pos actuelle : (-71, -33)
2025-01-25 14:15:59,874 - INFO - Voyage pos actuelle : (-70, -33)
2025-01-25 14:16:02,876 - INFO - Vérification de la base de données.
2025-01-25 14:16:03,414 - INFO - La base de données locale est à jour.
2025-01-25 14:16:03,414 - INFO - Lancement de l'étape : 1 / 4
2025-01-25 14:16:04,275 - INFO - Nombre d'indices détectés : 5
2025-01-25 14:16:04,275 - INFO - On passe à l'indice : 1 / 5
2025-01-25 14:16:04,613 - INFO - Texte extrait : 6 - Talisman en papier e
2025-01-25 14:16:04,613 - INFO - Coordonnées actuelle : (-70, -33)
2025-01-25 14:16:04,613 - INFO - Direction 6: y BETWEEN -48 AND -34  x = -70
2025-01-25 14:16:04,615 - INFO - Meilleure correspondance pour 'Talisman en papier e': 'Talisman en papier' à la position (-70, -43)
2025-01-25 14:16:04,618 - INFO - Commande copiée dans le presse-papier : /travel -70 -43
2025-01-25 14:16:41,775 - INFO - Map de l'indice (-70, -43)
2025-01-25 14:16:43,198 - INFO - On passe à l'indice : 2 / 5
2025-01-25 14:16:43,546 - INFO - Texte extrait : 0 - Gravure de crane
2025-01-25 14:16:43,546 - INFO - Coordonnées actuelle : (-70, -43)
2025-01-25 14:16:43,547 - INFO - Direction 0: x BETWEEN -69 AND -55, y = -43
2025-01-25 14:16:43,548 - INFO - Meilleure correspondance pour 'Gravure de crane': 'Gravure de crâne' à la position (-67, -43)
2025-01-25 14:16:43,550 - INFO - Commande copiée dans le presse-papier : /travel -67 -43
2025-01-25 14:16:56,333 - INFO - Map de l'indice (-67, -43)
2025-01-25 14:16:57,909 - INFO - On passe à l'indice : 3 / 5
2025-01-25 14:16:58,270 - INFO - Texte extrait : 0 - Théiére 6 rayures
2025-01-25 14:16:58,270 - INFO - Coordonnées actuelle : (-67, -43)
2025-01-25 14:16:58,271 - INFO - Direction 0: x BETWEEN -66 AND -52, y = -43
2025-01-25 14:16:58,273 - INFO - Meilleure correspondance pour 'Théiére 6 rayures': 'Théière à rayures' à la position (-66, -43)
2025-01-25 14:16:58,275 - INFO - Commande copiée dans le presse-papier : /travel -66 -43
2025-01-25 14:17:03,505 - INFO - Temps écoulé : 1 minute(s) et 0 seconde(s)
2025-01-25 14:17:03,507 - INFO - Map de l'indice (-66, -43)
2025-01-25 14:17:04,975 - INFO - On passe à l'indice : 4 / 5
2025-01-25 14:17:05,343 - INFO - Texte extrait : 4 - Gravure de Dofus
2025-01-25 14:17:05,343 - INFO - Coordonnées actuelle : (-66, -43)
2025-01-25 14:17:05,343 - INFO - Direction 4: x BETWEEN -81 AND -67, y = -43
2025-01-25 14:17:05,344 - INFO - Meilleure correspondance pour 'Gravure de Dofus': 'Gravure de Dofus' à la position (-72, -43)
2025-01-25 14:17:05,346 - INFO - Commande copiée dans le presse-papier : /travel -72 -43
2025-01-25 14:17:27,476 - INFO - Map de l'indice (-72, -43)
2025-01-25 14:17:29,003 - INFO - On passe à l'indice : 5 / 5
2025-01-25 14:17:29,369 - INFO - Texte extrait : 6 - Gravure de Kamo
2025-01-25 14:17:29,369 - INFO - Coordonnées actuelle : (-72, -43)
2025-01-25 14:17:29,370 - INFO - Direction 6: y BETWEEN -58 AND -44  x = -72
2025-01-25 14:17:29,371 - INFO - Meilleure correspondance pour 'Gravure de Kamo': 'Gravure de Kama' à la position (-72, -51)
2025-01-25 14:17:29,374 - INFO - Commande copiée dans le presse-papier : /travel -72 -51
2025-01-25 14:17:57,815 - INFO - Map de l'indice (-72, -51)
2025-01-25 14:17:59,319 - INFO - Fin d'une étape, on va passer à la suivante !
2025-01-25 14:18:01,524 - INFO - Lancement de l'étape : 2 / 4
2025-01-25 14:18:02,341 - INFO - Nombre d'indices détectés : 5
2025-01-25 14:18:02,341 - INFO - On passe à l'indice : 1 / 5
2025-01-25 14:18:02,679 - INFO - Texte extrait : 0 - Etoile en papier plié ic
2025-01-25 14:18:02,679 - INFO - Coordonnées actuelle : (-72, -51)
2025-01-25 14:18:02,679 - INFO - Direction 0: x BETWEEN -71 AND -57, y = -51
2025-01-25 14:18:02,681 - INFO - Meilleure correspondance pour 'Etoile en papier plié ic': 'Étoile en papier plié' à la position (-71, -51)
2025-01-25 14:18:02,684 - INFO - Commande copiée dans le presse-papier : /travel -71 -51
2025-01-25 14:18:08,318 - INFO - Map de l'indice (-71, -51)
2025-01-25 14:18:09,849 - INFO - On passe à l'indice : 2 / 5
2025-01-25 14:18:10,186 - INFO - Texte extrait : 0 - Clef dorée
2025-01-25 14:18:10,186 - INFO - Coordonnées actuelle : (-71, -51)
2025-01-25 14:18:10,186 - INFO - Direction 0: x BETWEEN -70 AND -56, y = -51
2025-01-25 14:18:10,188 - INFO - Meilleure correspondance pour 'Clef dorée': 'Clef dorée' à la position (-69, -51)
2025-01-25 14:18:10,190 - INFO - Commande copiée dans le presse-papier : /travel -69 -51
2025-01-25 14:18:20,429 - INFO - Map de l'indice (-69, -51)
2025-01-25 14:18:21,922 - INFO - On passe à l'indice : 3 / 5
2025-01-25 14:18:22,275 - INFO - Texte extrait : 0 - Gravure de crane
2025-01-25 14:18:22,275 - INFO - Coordonnées actuelle : (-69, -51)
2025-01-25 14:18:22,276 - INFO - Direction 0: x BETWEEN -68 AND -54, y = -51
2025-01-25 14:18:22,278 - INFO - Meilleure correspondance pour 'Gravure de crane': 'Gravure de crâne' à la position (-68, -51)
2025-01-25 14:18:22,280 - INFO - Commande copiée dans le presse-papier : /travel -68 -51
2025-01-25 14:18:27,520 - INFO - Map de l'indice (-68, -51)
2025-01-25 14:18:28,927 - INFO - On passe à l'indice : 4 / 5
2025-01-25 14:18:29,274 - INFO - Texte extrait : 0 - Bougie dans un trou
2025-01-25 14:18:29,274 - INFO - Coordonnées actuelle : (-68, -51)
2025-01-25 14:18:29,274 - INFO - Direction 0: x BETWEEN -67 AND -53, y = -51
2025-01-25 14:18:29,275 - INFO - Meilleure correspondance pour 'Bougie dans un trou': 'Bougie dans un trou' à la position (-67, -51)
2025-01-25 14:18:29,277 - INFO - Commande copiée dans le presse-papier : /travel -67 -51
2025-01-25 14:18:34,862 - INFO - Map de l'indice (-67, -51)
2025-01-25 14:18:36,290 - INFO - On passe à l'indice : 5 / 5
2025-01-25 14:18:36,643 - INFO - Texte extrait : 2 - Gravure dceil
2025-01-25 14:18:36,643 - INFO - Coordonnées actuelle : (-67, -51)
2025-01-25 14:18:36,644 - INFO - Direction 2: y BETWEEN -50 AND -36, x = -67
2025-01-25 14:18:36,645 - INFO - Meilleure correspondance pour 'Gravure dceil': 'Gravure d'oeil' à la position (-67, -46)
2025-01-25 14:18:36,647 - INFO - Commande copiée dans le presse-papier : /travel -67 -46
2025-01-25 14:18:55,472 - INFO - Map de l'indice (-67, -46)
2025-01-25 14:18:56,857 - INFO - Fin d'une étape, on va passer à la suivante !
2025-01-25 14:18:58,602 - INFO - Lancement de l'étape : 3 / 4
2025-01-25 14:18:59,449 - INFO - Nombre d'indices détectés : 1
2025-01-25 14:18:59,449 - INFO - On passe à l'indice : 1 / 1
2025-01-25 14:18:59,802 - INFO - Texte extrait : 4 - Blé noir et blanc
2025-01-25 14:18:59,802 - INFO - Coordonnées actuelle : (-67, -46)
2025-01-25 14:18:59,802 - INFO - Direction 4: x BETWEEN -82 AND -68, y = -46
2025-01-25 14:18:59,803 - INFO - Meilleure correspondance pour 'Blé noir et blanc': 'Blé noir et blanc' à la position (-68, -46)
2025-01-25 14:18:59,807 - INFO - Commande copiée dans le presse-papier : /travel -68 -46
2025-01-25 14:19:05,268 - INFO - Map de l'indice (-68, -46)
2025-01-25 14:19:06,867 - INFO - Fin d'une étape, on va passer à la suivante !
2025-01-25 14:19:09,657 - INFO - 🤺
2025-01-25 14:19:15,261 - INFO - 💪
2025-01-25 14:19:18,448 - INFO - ✅
2025-01-25 14:19:22,971 - INFO - 🪄
2025-01-25 14:19:25,158 - ERROR - Aucune correspondance trouvée pour [malle] avec un score suffisant.
2025-01-25 14:19:25,159 - INFO - Le combat est fini
2025-01-25 14:19:28,160 - INFO - 

2025-01-25 14:19:30,160 - INFO - Chasse réussie ! Temps pour cette chasse : 356.58 secondes.

2025-01-25 14:19:30,160 - INFO - 

2025-01-25 14:19:30,160 - INFO - 

2025-01-25 14:19:30,170 - INFO - ========================================
2025-01-25 14:19:30,170 - INFO - Résumé des chasses :
2025-01-25 14:19:30,170 - INFO -   - Chasses réussies : 1
2025-01-25 14:19:30,170 - INFO -   - Chasses ratées   : 0
2025-01-25 14:19:30,170 - INFO -   - Temps écoulé     : 0h 5m 57s
2025-01-25 14:19:30,170 - INFO - ========================================
2025-01-25 14:19:30,170 - INFO - On regarde si chasse en cours
2025-01-25 14:19:30,755 - ERROR - Aucune correspondance trouvée pour [chasse] avec un score suffisant.
2025-01-25 14:19:30,756 - INFO - Pas de chasse en cours
2025-01-25 14:19:30,756 - INFO - 👜
2025-01-25 14:19:35,055 - ERROR - Aucune correspondance trouvée pour [zaap_1k] avec un score suffisant.
2025-01-25 14:19:35,056 - INFO - on va 1 map a gauche
2025-01-25 14:19:42,420 - INFO - 👜
2025-01-25 14:19:46,734 - ERROR - Aucune correspondance trouvée pour [zaap_1k] avec un score suffisant.
2025-01-25 14:19:46,735 - INFO - on va 1 map a gauche
2025-01-25 14:19:54,033 - INFO - 👜
2025-01-25 14:19:58,386 - ERROR - Aucune correspondance trouvée pour [zaap_1k] avec un score suffisant.
2025-01-25 14:19:58,387 - INFO - on va 1 map a gauche
2025-01-25 14:20:05,797 - INFO - 👜
2025-01-25 14:20:10,118 - ERROR - Aucune correspondance trouvée pour [zaap_1k] avec un score suffisant.
2025-01-25 14:20:10,118 - INFO - on va 1 map a gauche
2025-01-25 14:20:17,572 - INFO - 👜
2025-01-25 14:20:21,962 - ERROR - Aucune correspondance trouvée pour [zaap_1k] avec un score suffisant.
2025-01-25 14:20:21,963 - INFO - on va 1 map a gauche
2025-01-25 14:21:41,864 - INFO - ========================================
2025-01-25 14:21:41,864 - INFO - Résumé des chasses :
2025-01-25 14:21:41,864 - INFO -   - Chasses réussies : 0
2025-01-25 14:21:41,864 - INFO -   - Chasses ratées   : 0
2025-01-25 14:21:41,864 - INFO -   - Temps écoulé     : 0h 0m 0s
2025-01-25 14:21:41,864 - INFO - ========================================
2025-01-25 14:21:41,864 - INFO - On regarde si chasse en cours
2025-01-25 14:21:42,363 - ERROR - Aucune correspondance trouvée pour [chasse] avec un score suffisant.
2025-01-25 14:21:42,363 - INFO - Pas de chasse en cours
2025-01-25 14:21:42,363 - INFO - 👜
2025-01-25 14:21:50,473 - INFO - champs de cania
2025-01-25 14:22:20,902 - INFO - 🚪
2025-01-25 14:22:22,439 - INFO - 🚪 ✅
2025-01-25 14:22:30,901 - INFO - ☀️
2025-01-25 14:22:31,284 - ERROR - Aucune correspondance trouvée pour [sun_1k] avec un score suffisant.
2025-01-25 14:22:31,285 - INFO - ☀️ ❌
2025-01-25 14:22:31,376 - ERROR - Aucune correspondance trouvée pour [sun2] avec un score suffisant.
2025-01-25 14:22:31,377 - INFO - ☀️ ❌
2025-01-25 14:22:42,573 - INFO - 🚪
2025-01-25 14:22:44,136 - INFO - 🚪 ✅
2025-01-25 14:22:52,683 - INFO - ☀️
2025-01-25 14:22:53,545 - INFO - ☀️ ✅
2025-01-25 14:22:58,545 - INFO - 📖
2025-01-25 14:23:17,467 - INFO - 👜
2025-01-25 14:23:26,378 - INFO - Village de Pandala
2025-01-25 14:23:37,790 - INFO - 🐼 ✅
2025-01-25 14:23:45,204 - INFO - Voyage pos actuelle : (20, -29)
2025-01-25 14:23:47,417 - INFO - Voyage pos actuelle : (20, -28)
2025-01-25 14:23:49,622 - INFO - Voyage pos actuelle : (20, -27)
2025-01-25 14:23:51,846 - INFO - Voyage pos actuelle : (20, -27)
2025-01-25 14:23:54,069 - INFO - Voyage pos actuelle : (21, -27)
2025-01-25 14:23:56,276 - INFO - Voyage pos actuelle : (21, -27)
2025-01-25 14:23:58,500 - INFO - Voyage pos actuelle : (22, -27)
2025-01-25 14:24:00,768 - INFO - Voyage pos actuelle : None
2025-01-25 14:24:02,958 - INFO - Voyage pos actuelle : None
2025-01-25 14:24:05,202 - INFO - Voyage pos actuelle : (23, -26)
2025-01-25 14:24:07,421 - INFO - Voyage pos actuelle : (24, -26)
2025-01-25 14:24:09,640 - INFO - Voyage pos actuelle : None
2025-01-25 14:24:11,880 - INFO - Voyage pos actuelle : None
2025-01-25 14:24:14,122 - INFO - Voyage pos actuelle : (26, -26)
2025-01-25 14:24:16,370 - INFO - Voyage pos actuelle : (26, -26)
2025-01-25 14:24:18,613 - INFO - Voyage pos actuelle : (27, -26)
2025-01-25 14:24:21,614 - INFO - Vérification de la base de données.
2025-01-25 14:24:21,897 - INFO - La base de données locale est à jour.
2025-01-25 14:24:21,898 - INFO - Lancement de l'étape : 1 / 4
2025-01-25 14:24:22,724 - INFO - Nombre d'indices détectés : 6
2025-01-25 14:24:22,725 - INFO - On passe à l'indice : 1 / 6
2025-01-25 14:24:23,067 - INFO - Texte extrait : 4 - Gravure de fleur
2025-01-25 14:24:23,068 - INFO - Coordonnées actuelle : (27, -26)
2025-01-25 14:24:23,068 - INFO - Direction 4: x BETWEEN 12 AND 26, y = -26
2025-01-25 14:24:23,069 - INFO - Meilleure correspondance pour 'Gravure de fleur': 'Gravure de fleur' à la position (22, -26)
2025-01-25 14:24:23,072 - INFO - Commande copiée dans le presse-papier : /travel 22 -26
2025-01-25 14:25:21,956 - INFO - Temps écoulé : 1 minute(s) et 0 seconde(s)
2025-01-25 14:26:21,989 - INFO - Temps écoulé : 2 minute(s) et 0 seconde(s)
2025-01-25 14:26:22,828 - INFO - Map de l'indice (22, -26)
2025-01-25 14:26:24,200 - INFO - On passe à l'indice : 2 / 6
2025-01-25 14:26:24,520 - INFO - Texte extrait : 6 - Rose noire
2025-01-25 14:26:24,520 - INFO - Coordonnées actuelle : (22, -26)
2025-01-25 14:26:24,521 - INFO - Direction 6: y BETWEEN -41 AND -27  x = 22
2025-01-25 14:26:24,522 - INFO - Meilleure correspondance pour 'Rose noire': 'Rose noire' à la position (22, -28)
2025-01-25 14:26:24,524 - INFO - Commande copiée dans le presse-papier : /travel 22 -28
2025-01-25 14:26:33,437 - INFO - Map de l'indice (22, -28)
2025-01-25 14:26:34,859 - INFO - On passe à l'indice : 3 / 6
2025-01-25 14:26:35,210 - INFO - Texte extrait : 0 - Queue dOsamodas
2025-01-25 14:26:35,210 - INFO - Coordonnées actuelle : (22, -28)
2025-01-25 14:26:35,210 - INFO - Direction 0: x BETWEEN 23 AND 37, y = -28
2025-01-25 14:26:35,211 - INFO - Meilleure correspondance pour 'Queue dOsamodas': 'Queue d'Osamodas' à la position (25, -28)
2025-01-25 14:26:35,213 - INFO - Commande copiée dans le presse-papier : /travel 25 -28
2025-01-25 14:26:48,952 - INFO - Map de l'indice (25, -28)
2025-01-25 14:26:50,506 - INFO - On passe à l'indice : 4 / 6
2025-01-25 14:26:50,860 - INFO - Texte extrait : 6 - Poisson grillé embroché
2025-01-25 14:26:50,860 - INFO - Coordonnées actuelle : (25, -28)
2025-01-25 14:26:50,861 - INFO - Direction 6: y BETWEEN -43 AND -29  x = 25
2025-01-25 14:26:50,862 - INFO - Meilleure correspondance pour 'Poisson grillé embroché': 'Poisson grillé embroché' à la position (25, -31)
2025-01-25 14:26:50,865 - INFO - Commande copiée dans le presse-papier : /travel 25 -31
2025-01-25 14:27:02,305 - INFO - Map de l'indice (25, -31)
2025-01-25 14:27:03,850 - INFO - On passe à l'indice : 5 / 6
2025-01-25 14:27:04,188 - INFO - Texte extrait : 6 - Bonbon bleu
2025-01-25 14:27:04,188 - INFO - Coordonnées actuelle : (25, -31)
2025-01-25 14:27:04,188 - INFO - Direction 6: y BETWEEN -46 AND -32  x = 25
2025-01-25 14:27:04,189 - INFO - Meilleure correspondance pour 'Bonbon bleu': 'Bonbon bleu' à la position (25, -32)
2025-01-25 14:27:04,191 - INFO - Commande copiée dans le presse-papier : /travel 25 -32
2025-01-25 14:27:09,587 - INFO - Map de l'indice (25, -32)
2025-01-25 14:27:11,056 - INFO - On passe à l'indice : 6 / 6
2025-01-25 14:27:11,387 - INFO - Texte extrait : 0 - Gravure de popotre E
2025-01-25 14:27:11,387 - INFO - Coordonnées actuelle : (25, -32)
2025-01-25 14:27:11,388 - INFO - Direction 0: x BETWEEN 26 AND 40, y = -32
2025-01-25 14:27:11,389 - INFO - Meilleure correspondance pour 'Gravure de popotre E': 'Gravure de papatte' à la position (26, -32)
2025-01-25 14:27:11,391 - INFO - Commande copiée dans le presse-papier : /travel 26 -32
2025-01-25 14:27:15,632 - INFO - Map de l'indice (26, -32)
2025-01-25 14:27:17,074 - INFO - Fin d'une étape, on va passer à la suivante !
2025-01-25 14:27:19,009 - INFO - Lancement de l'étape : 2 / 4
2025-01-25 14:27:19,846 - INFO - Nombre d'indices détectés : 5
2025-01-25 14:27:19,847 - INFO - On passe à l'indice : 1 / 5
2025-01-25 14:27:20,181 - INFO - Texte extrait : 4 - Gravure de logo
Ankama
2025-01-25 14:27:20,181 - INFO - Coordonnées actuelle : (26, -32)
2025-01-25 14:27:20,181 - INFO - Direction 4: x BETWEEN 11 AND 25, y = -32
2025-01-25 14:27:20,183 - INFO - Meilleure correspondance pour 'Gravure de logo
Ankama': 'Gravure de logo Ankama' à la position (24, -32)
2025-01-25 14:27:20,185 - INFO - Commande copiée dans le presse-papier : /travel 24 -32
2025-01-25 14:27:26,785 - INFO - Map de l'indice (24, -32)
2025-01-25 14:27:28,323 - INFO - On passe à l'indice : 2 / 5
2025-01-25 14:27:28,671 - INFO - Texte extrait : 6 - Rose noire
2025-01-25 14:27:28,671 - INFO - Coordonnées actuelle : (24, -32)
2025-01-25 14:27:28,671 - INFO - Direction 6: y BETWEEN -47 AND -33  x = 24
2025-01-25 14:27:28,672 - INFO - Meilleure correspondance pour 'Rose noire': 'Rose noire' à la position (24, -33)
2025-01-25 14:27:28,674 - INFO - Commande copiée dans le presse-papier : /travel 24 -33
2025-01-25 14:27:35,490 - INFO - Map de l'indice (24, -33)
2025-01-25 14:27:36,926 - INFO - On passe à l'indice : 3 / 5
2025-01-25 14:27:37,287 - INFO - Texte extrait : 6 - Fleurs smiley
2025-01-25 14:27:37,287 - INFO - Coordonnées actuelle : (24, -33)
2025-01-25 14:27:37,288 - INFO - Direction 6: y BETWEEN -48 AND -34  x = 24
2025-01-25 14:27:37,289 - INFO - Meilleure correspondance pour 'Fleurs smiley': 'Fleurs smiley' à la position (24, -34)
2025-01-25 14:27:37,292 - INFO - Commande copiée dans le presse-papier : /travel 24 -34
2025-01-25 14:27:42,498 - INFO - Map de l'indice (24, -34)
2025-01-25 14:27:43,954 - INFO - On passe à l'indice : 4 / 5
2025-01-25 14:27:44,292 - INFO - Texte extrait : 4 - Gravure de clef
2025-01-25 14:27:44,292 - INFO - Coordonnées actuelle : (24, -34)
2025-01-25 14:27:44,293 - INFO - Direction 4: x BETWEEN 9 AND 23, y = -34
2025-01-25 14:27:44,295 - INFO - Meilleure correspondance pour 'Gravure de clef': 'Gravure de clef' à la position (19, -34)
2025-01-25 14:27:44,298 - INFO - Commande copiée dans le presse-papier : /travel 19 -34
2025-01-25 14:28:05,627 - INFO - Map de l'indice (19, -34)
2025-01-25 14:28:07,195 - INFO - On passe à l'indice : 5 / 5
2025-01-25 14:28:07,533 - INFO - Texte extrait : 0 - Torii cassé
2025-01-25 14:28:07,533 - INFO - Coordonnées actuelle : (19, -34)
2025-01-25 14:28:07,534 - INFO - Direction 0: x BETWEEN 20 AND 34, y = -34
2025-01-25 14:28:07,534 - INFO - Meilleure correspondance pour 'Torii cassé': 'Torii cassé' à la position (25, -34)
2025-01-25 14:28:07,539 - INFO - Commande copiée dans le presse-papier : /travel 25 -34
2025-01-25 14:28:19,059 - INFO - Temps écoulé : 1 minute(s) et 0 seconde(s)
2025-01-25 14:28:30,061 - INFO - Map de l'indice (25, -34)
2025-01-25 14:28:31,550 - INFO - Fin d'une étape, on va passer à la suivante !
2025-01-25 14:28:34,066 - INFO - Lancement de l'étape : 3 / 4
2025-01-25 14:28:34,860 - INFO - Nombre d'indices détectés : 0
2025-01-25 14:28:36,102 - INFO - 🤺
2025-01-25 14:28:41,877 - INFO - 💪
2025-01-25 14:28:44,975 - INFO - ✅
2025-01-25 14:28:49,869 - INFO - 🪄
2025-01-25 14:28:54,278 - INFO - ✨
2025-01-25 14:28:58,627 - INFO - ✨
2025-01-25 14:29:03,166 - INFO - ✨
2025-01-25 14:29:09,496 - INFO - ✨
2025-01-25 14:29:13,919 - INFO - ✨
2025-01-25 14:29:18,374 - INFO - ✨
2025-01-25 14:29:24,170 - INFO - ✨
2025-01-25 14:29:28,828 - INFO - ✨
2025-01-25 14:29:33,517 - INFO - ✨
2025-01-25 14:29:40,321 - INFO - ✨
2025-01-25 14:29:44,710 - INFO - ✨
2025-01-25 14:29:45,195 - ERROR - Aucune correspondance trouvée pour [coffre] avec un score suffisant.
2025-01-25 14:29:45,695 - ERROR - Aucune correspondance trouvée pour [malle] avec un score suffisant.
2025-01-25 14:29:45,695 - INFO - Le combat est fini
2025-01-25 14:29:48,697 - INFO - 

2025-01-25 14:29:50,698 - INFO - Chasse réussie ! Temps pour cette chasse : 488.83 secondes.

2025-01-25 14:29:50,698 - INFO - 

2025-01-25 14:29:50,698 - INFO - 

2025-01-25 14:29:50,707 - INFO - ========================================
2025-01-25 14:29:50,707 - INFO - Résumé des chasses :
2025-01-25 14:29:50,707 - INFO -   - Chasses réussies : 1
2025-01-25 14:29:50,707 - INFO -   - Chasses ratées   : 0
2025-01-25 14:29:50,707 - INFO -   - Temps écoulé     : 0h 8m 9s
2025-01-25 14:29:50,707 - INFO - ========================================
2025-01-25 14:29:50,707 - INFO - On regarde si chasse en cours
2025-01-25 14:29:51,316 - ERROR - Aucune correspondance trouvée pour [chasse] avec un score suffisant.
2025-01-25 14:29:51,316 - INFO - Pas de chasse en cours
2025-01-25 14:29:51,316 - INFO - 👜
2025-01-25 14:29:59,149 - INFO - champs de cania
2025-01-25 14:30:29,577 - INFO - 🚪
2025-01-25 14:30:31,127 - INFO - 🚪 ✅
2025-01-25 14:30:39,523 - INFO - ☀️
2025-01-25 14:30:40,348 - INFO - ☀️ ✅
2025-01-25 14:30:45,349 - INFO - 📖
2025-01-25 14:31:04,497 - INFO - 👜
2025-01-25 14:31:13,333 - INFO - Port de Madrestam
2025-01-25 14:31:24,081 - INFO - Voyage pos actuelle : (7, -4)
2025-01-25 14:31:26,299 - INFO - Voyage pos actuelle : (7, -3)
2025-01-25 14:31:28,502 - INFO - Voyage pos actuelle : (7, -3)
2025-01-25 14:31:30,698 - INFO - Voyage pos actuelle : (7, -2)
2025-01-25 14:31:32,911 - INFO - Voyage pos actuelle : (7, -2)
2025-01-25 14:31:35,134 - INFO - Voyage pos actuelle : (7, -1)
2025-01-25 14:31:37,352 - INFO - Voyage pos actuelle : (7, -1)
2025-01-25 14:31:39,565 - INFO - Voyage pos actuelle : (6, -1)
2025-01-25 14:31:42,566 - INFO - Vérification de la base de données.
2025-01-25 14:31:42,832 - INFO - La base de données locale est à jour.
2025-01-25 14:31:42,832 - INFO - Lancement de l'étape : 1 / 4
2025-01-25 14:31:43,668 - INFO - Nombre d'indices détectés : 5
2025-01-25 14:31:43,668 - INFO - On passe à l'indice : 1 / 5
2025-01-25 14:31:44,019 - INFO - Texte extrait : 4 - Gravure détoile
2025-01-25 14:31:44,019 - INFO - Coordonnées actuelle : (6, -1)
2025-01-25 14:31:44,019 - INFO - Direction 4: x BETWEEN -9 AND 5, y = -1
2025-01-25 14:31:44,021 - INFO - Meilleure correspondance pour 'Gravure détoile': 'Gravure d'étoile' à la position (0, -1)
2025-01-25 14:31:44,024 - INFO - Commande copiée dans le presse-papier : /travel 0 -1
2025-01-25 14:32:10,270 - INFO - Map de l'indice (0, -1)
2025-01-25 14:32:11,804 - INFO - On passe à l'indice : 2 / 5
2025-01-25 14:32:12,168 - INFO - Texte extrait : 2 - Gravure dceil
2025-01-25 14:32:12,168 - INFO - Coordonnées actuelle : (0, -1)
2025-01-25 14:32:12,168 - INFO - Direction 2: y BETWEEN 0 AND 14, x = 0
2025-01-25 14:32:12,169 - INFO - Meilleure correspondance pour 'Gravure dceil': 'Gravure d'oeil' à la position (0, 0)
2025-01-25 14:32:12,171 - INFO - Commande copiée dans le presse-papier : /travel 0 0
2025-01-25 14:32:17,545 - INFO - Map de l'indice (0, 0)
2025-01-25 14:32:18,979 - INFO - On passe à l'indice : 3 / 5
2025-01-25 14:32:19,364 - INFO - Texte extrait : 0 - Ble noir et blanc
2025-01-25 14:32:19,364 - INFO - Coordonnées actuelle : (0, 0)
2025-01-25 14:32:19,364 - INFO - Direction 0: x BETWEEN 1 AND 15, y = 0
2025-01-25 14:32:19,365 - INFO - Meilleure correspondance pour 'Ble noir et blanc': 'Blé noir et blanc' à la position (1, 0)
2025-01-25 14:32:19,367 - INFO - Commande copiée dans le presse-papier : /travel 1 0
2025-01-25 14:32:24,797 - INFO - Map de l'indice (1, 0)
2025-01-25 14:32:26,189 - INFO - On passe à l'indice : 4 / 5
2025-01-25 14:32:26,568 - INFO - Texte extrait : 0 - Bonbon bleu
2025-01-25 14:32:26,568 - INFO - Coordonnées actuelle : (1, 0)
2025-01-25 14:32:26,569 - INFO - Direction 0: x BETWEEN 2 AND 16, y = 0
2025-01-25 14:32:26,570 - INFO - Meilleure correspondance pour 'Bonbon bleu': 'Bonbon bleu' à la position (2, 0)
2025-01-25 14:32:26,572 - INFO - Commande copiée dans le presse-papier : /travel 2 0
2025-01-25 14:32:31,949 - INFO - Map de l'indice (2, 0)
2025-01-25 14:32:33,479 - INFO - On passe à l'indice : 5 / 5
2025-01-25 14:32:33,842 - INFO - Texte extrait : 0 - Fleurs smiley
2025-01-25 14:32:33,842 - INFO - Coordonnées actuelle : (2, 0)
2025-01-25 14:32:33,842 - INFO - Direction 0: x BETWEEN 3 AND 17, y = 0
2025-01-25 14:32:33,844 - INFO - Meilleure correspondance pour 'Fleurs smiley': 'Fleurs smiley' à la position (3, 0)
2025-01-25 14:32:33,845 - INFO - Commande copiée dans le presse-papier : /travel 3 0
2025-01-25 14:32:39,264 - INFO - Map de l'indice (3, 0)
2025-01-25 14:32:40,827 - INFO - Fin d'une étape, on va passer à la suivante !
2025-01-25 14:32:42,918 - INFO - Lancement de l'étape : 2 / 4
2025-01-25 14:32:43,770 - INFO - Nombre d'indices détectés : 5
2025-01-25 14:32:43,770 - INFO - On passe à l'indice : 1 / 5
2025-01-25 14:32:44,116 - INFO - Texte extrait : 0 - Symbole de quéte peint
2025-01-25 14:32:44,116 - INFO - Coordonnées actuelle : (3, 0)
2025-01-25 14:32:44,116 - INFO - Direction 0: x BETWEEN 4 AND 18, y = 0
2025-01-25 14:32:44,117 - INFO - Meilleure correspondance pour 'Symbole de quéte peint': 'Symbole de quête peint' à la position (5, 0)
2025-01-25 14:32:44,121 - INFO - Commande copiée dans le presse-papier : /travel 5 0
2025-01-25 14:32:53,336 - INFO - Map de l'indice (5, 0)
2025-01-25 14:32:54,792 - INFO - On passe à l'indice : 2 / 5
2025-01-25 14:32:55,164 - INFO - Texte extrait : 0 - Marionette
2025-01-25 14:32:55,164 - INFO - Coordonnées actuelle : (5, 0)
2025-01-25 14:32:55,165 - INFO - Direction 0: x BETWEEN 6 AND 20, y = 0
2025-01-25 14:32:55,167 - INFO - Meilleure correspondance pour 'Marionette': 'Marionnette' à la position (7, 0)
2025-01-25 14:32:55,168 - INFO - Commande copiée dans le presse-papier : /travel 7 0
2025-01-25 14:33:05,424 - INFO - Map de l'indice (7, 0)
2025-01-25 14:33:06,961 - INFO - On passe à l'indice : 3 / 5
2025-01-25 14:33:07,341 - INFO - Texte extrait : 0 - Ble noir et blanc
2025-01-25 14:33:07,341 - INFO - Coordonnées actuelle : (7, 0)
2025-01-25 14:33:07,341 - INFO - Direction 0: x BETWEEN 8 AND 22, y = 0
2025-01-25 14:33:07,342 - INFO - Meilleure correspondance pour 'Ble noir et blanc': 'Blé noir et blanc' à la position (8, 0)
2025-01-25 14:33:07,344 - INFO - Commande copiée dans le presse-papier : /travel 8 0
2025-01-25 14:33:12,955 - INFO - Map de l'indice (8, 0)
2025-01-25 14:33:14,514 - INFO - On passe à l'indice : 4 / 5
2025-01-25 14:33:14,901 - INFO - Texte extrait : 2 - Gravure de tofu
2025-01-25 14:33:14,901 - INFO - Coordonnées actuelle : (8, 0)
2025-01-25 14:33:14,901 - INFO - Direction 2: y BETWEEN 1 AND 15, x = 8
2025-01-25 14:33:14,903 - INFO - Meilleure correspondance pour 'Gravure de tofu': 'Gravure de tofu' à la position (8, 2)
2025-01-25 14:33:14,905 - INFO - Commande copiée dans le presse-papier : /travel 8 2
2025-01-25 14:33:22,838 - INFO - Map de l'indice (8, 2)
2025-01-25 14:33:24,316 - INFO - On passe à l'indice : 5 / 5
2025-01-25 14:33:24,689 - INFO - Texte extrait : 4 - Tissu 4 correaux noué
2025-01-25 14:33:24,689 - INFO - Coordonnées actuelle : (8, 2)
2025-01-25 14:33:24,689 - INFO - Direction 4: x BETWEEN -7 AND 7, y = 2
2025-01-25 14:33:24,690 - INFO - Meilleure correspondance pour 'Tissu 4 correaux noué': 'Tissu à carreaux noué' à la position (5, 2)
2025-01-25 14:33:24,692 - INFO - Commande copiée dans le presse-papier : /travel 5 2
2025-01-25 14:33:36,360 - INFO - Map de l'indice (5, 2)
2025-01-25 14:33:37,738 - INFO - Fin d'une étape, on va passer à la suivante !
2025-01-25 14:33:39,987 - INFO - Lancement de l'étape : 3 / 4
2025-01-25 14:33:40,843 - INFO - Nombre d'indices détectés : 1
2025-01-25 14:33:40,843 - INFO - On passe à l'indice : 1 / 1
2025-01-25 14:33:41,207 - INFO - Texte extrait : 2 - Etoile en papier plié ic
2025-01-25 14:33:41,207 - INFO - Coordonnées actuelle : (5, 2)
2025-01-25 14:33:41,208 - INFO - Direction 2: y BETWEEN 3 AND 17, x = 5
2025-01-25 14:33:41,209 - INFO - Meilleure correspondance pour 'Etoile en papier plié ic': 'Étoile en papier plié' à la position (5, 12)
2025-01-25 14:33:41,212 - INFO - Commande copiée dans le presse-papier : /travel 5 12
2025-01-25 14:34:15,981 - INFO - Map de l'indice (5, 12)
2025-01-25 14:34:17,519 - INFO - Fin d'une étape, on va passer à la suivante !
2025-01-25 14:34:20,064 - INFO - 🤺
2025-01-25 14:34:25,780 - INFO - 💪
2025-01-25 14:34:29,151 - INFO - ✅
2025-01-25 14:34:34,061 - INFO - 🪄
2025-01-25 14:34:38,632 - INFO - ✨
2025-01-25 14:34:43,180 - INFO - ✨
2025-01-25 14:34:48,220 - INFO - ✨
2025-01-25 14:34:54,930 - INFO - ✨
2025-01-25 14:34:59,672 - INFO - ✨
2025-01-25 14:35:04,353 - INFO - ✨
2025-01-25 14:35:11,044 - INFO - ✨
2025-01-25 14:35:15,584 - INFO - ✨
2025-01-25 14:35:20,507 - INFO - ✨
2025-01-25 14:35:27,165 - INFO - ✨
2025-01-25 14:35:31,830 - INFO - ✨
2025-01-25 14:35:32,389 - ERROR - Aucune correspondance trouvée pour [coffre] avec un score suffisant.
2025-01-25 14:35:32,980 - ERROR - Aucune correspondance trouvée pour [malle] avec un score suffisant.
2025-01-25 14:35:32,980 - INFO - Le combat est fini
2025-01-25 14:35:35,981 - INFO - 

2025-01-25 14:35:37,981 - INFO - Chasse réussie ! Temps pour cette chasse : 347.27 secondes.

2025-01-25 14:35:37,981 - INFO - 

2025-01-25 14:35:37,981 - INFO - 

2025-01-25 14:35:37,989 - INFO - ========================================
2025-01-25 14:35:37,990 - INFO - Résumé des chasses :
2025-01-25 14:35:37,990 - INFO -   - Chasses réussies : 2
2025-01-25 14:35:37,990 - INFO -   - Chasses ratées   : 0
2025-01-25 14:35:37,990 - INFO -   - Temps écoulé     : 0h 13m 56s
2025-01-25 14:35:37,990 - INFO - ========================================
2025-01-25 14:35:37,990 - INFO - On regarde si chasse en cours
2025-01-25 14:35:38,554 - ERROR - Aucune correspondance trouvée pour [chasse] avec un score suffisant.
2025-01-25 14:35:38,555 - INFO - Pas de chasse en cours
2025-01-25 14:35:38,555 - INFO - 👜
2025-01-25 14:35:46,528 - INFO - champs de cania
2025-01-25 14:44:34,715 - INFO - on va 1 map a gauche
2025-01-25 14:45:10,814 - INFO - on va 1 map a gauche
2025-01-25 19:16:36,044 - INFO - ========================================
2025-01-25 19:16:36,044 - INFO - Résumé des chasses :
2025-01-25 19:16:36,044 - INFO -   - Chasses réussies : 0
2025-01-25 19:16:36,045 - INFO -   - Chasses ratées   : 0
2025-01-25 19:16:36,045 - INFO -   - Temps écoulé     : 0h 0m 0s
2025-01-25 19:16:36,045 - INFO - ========================================
2025-01-25 19:16:36,045 - INFO - On regarde si chasse en cours
2025-01-25 19:16:36,627 - ERROR - Aucune correspondance trouvée pour [chasse] avec un score suffisant.
2025-01-25 19:16:36,627 - INFO - Pas de chasse en cours
2025-01-25 19:16:36,627 - INFO - 👜
2025-01-25 19:16:44,943 - INFO - champs de cania
2025-01-25 19:17:15,311 - INFO - 🚪
2025-01-25 19:17:16,867 - INFO - 🚪 ✅
2025-01-25 19:17:25,343 - INFO - ☀️
2025-01-25 19:17:26,191 - INFO - ☀️ ✅
2025-01-25 19:17:31,192 - INFO - 📖
2025-01-25 19:17:50,110 - INFO - 👜
2025-01-25 19:17:58,302 - INFO - Cœur immaculé
2025-01-25 19:18:06,482 - INFO - On est déjà a la bonne map
2025-01-25 19:18:07,706 - INFO - Vérification de la base de données.
2025-01-25 19:18:08,244 - INFO - La base de données locale est à jour.
2025-01-25 19:18:08,244 - INFO - Lancement de l'étape : 1 / 4
2025-01-25 19:18:09,063 - INFO - Nombre d'indices détectés : 4
2025-01-25 19:18:09,063 - INFO - On passe à l'indice : 1 / 4
2025-01-25 19:18:09,417 - INFO - Texte extrait : 4 - Menottes
2025-01-25 19:18:09,417 - INFO - Coordonnées actuelle : (-31, -56)
2025-01-25 19:18:09,417 - INFO - Direction 4: x BETWEEN -46 AND -32, y = -56
2025-01-25 19:18:09,418 - INFO - Meilleure correspondance pour 'Menottes': 'Menottes' à la position (-35, -56)
2025-01-25 19:18:09,422 - INFO - Commande copiée dans le presse-papier : /travel -35 -56
2025-01-25 19:18:12,226 - ERROR - Bloqué : 1 / 10
2025-01-25 19:18:13,433 - ERROR - Bloqué : 2 / 10
2025-01-25 19:18:14,649 - ERROR - Bloqué : 3 / 10
2025-01-25 19:18:15,867 - ERROR - Bloqué : 4 / 10
2025-01-25 19:18:17,078 - ERROR - Bloqué : 5 / 10
2025-01-25 19:18:18,280 - ERROR - Bloqué : 6 / 10
2025-01-25 19:18:19,496 - ERROR - Bloqué : 7 / 10
2025-01-25 19:18:20,708 - ERROR - Bloqué : 8 / 10
2025-01-25 19:18:21,913 - ERROR - Bloqué : 9 / 10
2025-01-25 19:18:23,124 - ERROR - Bloqué : 10 / 10
2025-01-25 19:18:24,344 - ERROR - Bloqué sur une map (dalle, autre) changement manuel
2025-01-25 19:18:31,993 - ERROR - Bloqué : 1 / 10
2025-01-25 19:18:33,380 - ERROR - Bloqué : 2 / 10
2025-01-25 19:18:34,582 - ERROR - Bloqué : 3 / 10
2025-01-25 19:18:35,808 - ERROR - Bloqué : 4 / 10
2025-01-25 19:18:37,036 - ERROR - Bloqué : 5 / 10
2025-01-25 19:18:38,241 - ERROR - Bloqué : 6 / 10
2025-01-25 19:18:39,444 - ERROR - Bloqué : 7 / 10
2025-01-25 19:18:40,655 - ERROR - Bloqué : 8 / 10
2025-01-25 19:18:41,863 - ERROR - Bloqué : 9 / 10
2025-01-25 19:18:43,077 - ERROR - Bloqué : 10 / 10
2025-01-25 19:18:44,293 - ERROR - Bloqué sur une map (dalle, autre) changement manuel
2025-01-25 19:18:52,067 - ERROR - Bloqué : 1 / 10
2025-01-25 19:18:53,347 - ERROR - Bloqué : 2 / 10
2025-01-25 19:18:54,556 - ERROR - Bloqué : 3 / 10
2025-01-25 19:18:55,763 - ERROR - Bloqué : 4 / 10
2025-01-25 19:18:56,969 - ERROR - Bloqué : 5 / 10
2025-01-25 19:18:58,203 - ERROR - Bloqué : 6 / 10
2025-01-25 19:18:59,419 - INFO - Map de l'indice (-35, -56)
2025-01-25 19:19:00,868 - INFO - On passe à l'indice : 2 / 4
2025-01-25 19:19:01,218 - INFO - Texte extrait : 6 - Ceinture cloutée
2025-01-25 19:19:01,218 - INFO - Coordonnées actuelle : (-35, -56)
2025-01-25 19:19:01,218 - INFO - Direction 6: y BETWEEN -71 AND -57  x = -35
2025-01-25 19:19:01,220 - INFO - Meilleure correspondance pour 'Ceinture cloutée': 'Ceinture cloutée' à la position (-35, -61)
2025-01-25 19:19:01,223 - INFO - Commande copiée dans le presse-papier : /travel -35 -61
2025-01-25 19:19:04,175 - ERROR - Bloqué : 1 / 10
2025-01-25 19:19:05,379 - ERROR - Bloqué : 2 / 10
2025-01-25 19:19:06,593 - ERROR - Bloqué : 3 / 10
2025-01-25 19:19:07,803 - ERROR - Bloqué : 4 / 10
2025-01-25 19:19:08,352 - INFO - Temps écoulé : 1 minute(s) et 0 seconde(s)
2025-01-25 19:19:09,019 - ERROR - Bloqué : 5 / 10
2025-01-25 19:19:10,237 - ERROR - Bloqué : 6 / 10
2025-01-25 19:19:11,440 - ERROR - Bloqué : 7 / 10
2025-01-25 19:19:12,652 - ERROR - Bloqué : 8 / 10
2025-01-25 19:19:13,865 - ERROR - Bloqué : 9 / 10
2025-01-25 19:19:15,070 - ERROR - Bloqué : 10 / 10
2025-01-25 19:19:16,282 - ERROR - Bloqué sur une map (dalle, autre) changement manuel
2025-01-25 19:19:23,861 - ERROR - Bloqué : 1 / 10
2025-01-25 19:19:25,072 - ERROR - Bloqué : 2 / 10
2025-01-25 19:19:26,275 - ERROR - Bloqué : 3 / 10
2025-01-25 19:19:27,486 - INFO - Map de l'indice (-35, -61)
2025-01-25 19:19:29,047 - INFO - On passe à l'indice : 3 / 4
2025-01-25 19:19:29,391 - INFO - Texte extrait : 0 - Gravure darakne
2025-01-25 19:19:29,391 - INFO - Coordonnées actuelle : (-35, -61)
2025-01-25 19:19:29,391 - INFO - Direction 0: x BETWEEN -34 AND -20, y = -61
2025-01-25 19:19:29,393 - INFO - Meilleure correspondance pour 'Gravure darakne': 'Gravure d'arakne' à la position (-34, -61)
2025-01-25 19:19:29,395 - INFO - Commande copiée dans le presse-papier : /travel -34 -61
2025-01-25 19:19:32,427 - ERROR - Bloqué : 1 / 10
2025-01-25 19:19:33,640 - INFO - Map de l'indice (-34, -61)
2025-01-25 19:19:35,098 - INFO - On passe à l'indice : 4 / 4
2025-01-25 19:19:35,447 - INFO - Texte extrait : 2 - Serrure dorée
2025-01-25 19:19:35,448 - INFO - Coordonnées actuelle : (-34, -61)
2025-01-25 19:19:35,448 - INFO - Direction 2: y BETWEEN -60 AND -46, x = -34
2025-01-25 19:19:35,449 - INFO - Meilleure correspondance pour 'Serrure dorée': 'Serrure dorée' à la position (-34, -60)
2025-01-25 19:19:35,451 - INFO - Commande copiée dans le presse-papier : /travel -34 -60
2025-01-25 19:19:38,605 - ERROR - Bloqué : 1 / 10
2025-01-25 19:20:42,367 - INFO - Vérification de la base de données.
2025-01-25 19:20:42,451 - INFO - La base de données locale est à jour.
2025-01-25 19:20:42,451 - INFO - Lancement de l'étape : 1 / 4
2025-01-25 19:20:44,031 - INFO - Nombre d'indices détectés : 4
2025-01-25 19:20:44,031 - INFO - On passe à l'indice : 1 / 4
2025-01-25 19:20:55,591 - INFO - Texte extrait : 4 - Menottes
2025-01-25 19:20:55,592 - INFO - Coordonnées actuelle : (-34, -60)
2025-01-25 19:20:58,641 - INFO - Direction 4: x BETWEEN -49 AND -35, y = -60
2025-01-25 19:21:01,704 - INFO - Meilleure correspondance pour 'Menottes': 'Rose noire' à la position (-36, -60)
2025-01-25 19:21:01,709 - INFO - Commande copiée dans le presse-papier : /travel -36 -60
2025-01-25 19:21:04,913 - ERROR - Bloqué : 1 / 10
2025-01-25 19:21:06,138 - ERROR - Bloqué : 2 / 10
2025-01-25 19:21:07,361 - ERROR - Bloqué : 3 / 10
2025-01-25 19:21:08,593 - ERROR - Bloqué : 4 / 10
2025-01-25 19:21:09,816 - ERROR - Bloqué : 5 / 10
2025-01-25 19:21:11,036 - ERROR - Bloqué : 6 / 10
2025-01-25 19:21:12,253 - ERROR - Bloqué : 7 / 10
2025-01-25 19:21:13,475 - ERROR - Bloqué : 8 / 10
2025-01-25 19:21:14,694 - ERROR - Bloqué : 9 / 10
2025-01-25 19:21:15,911 - ERROR - Bloqué : 10 / 10
2025-01-25 19:21:17,131 - ERROR - Bloqué sur une map (dalle, autre) changement manuel
2025-01-25 19:21:42,548 - INFO - Temps écoulé : 1 minute(s) et 0 seconde(s)
2025-01-25 19:22:13,455 - INFO - Vérification de la base de données.
2025-01-25 19:22:13,531 - INFO - La base de données locale est à jour.
2025-01-25 19:22:13,531 - INFO - Lancement de l'étape : 1 / 4
2025-01-25 19:22:15,060 - INFO - Nombre d'indices détectés : 4
2025-01-25 19:22:15,061 - INFO - On passe à l'indice : 1 / 4
2025-01-25 19:22:15,422 - INFO - Texte extrait : 4 - Menottes
2025-01-25 19:22:15,423 - INFO - Coordonnées actuelle : (-34, -60)
2025-01-25 19:22:15,423 - INFO - Direction 4: x BETWEEN -49 AND -35, y = -60
2025-01-25 19:22:15,425 - INFO - Meilleure correspondance pour 'Menottes': 'Rose noire' à la position (-36, -60)
2025-01-25 19:22:15,429 - INFO - Commande copiée dans le presse-papier : /travel -36 -60
2025-01-25 19:22:34,364 - ERROR - Bloqué : 1 / 10
2025-01-25 19:22:35,600 - ERROR - Bloqué : 2 / 10
2025-01-25 19:22:36,819 - ERROR - Bloqué : 3 / 10
2025-01-25 19:22:38,035 - ERROR - Bloqué : 4 / 10
2025-01-25 19:22:39,253 - ERROR - Bloqué : 5 / 10
2025-01-25 19:22:40,468 - ERROR - Bloqué : 6 / 10
2025-01-25 19:22:41,682 - ERROR - Bloqué : 7 / 10
2025-01-25 19:22:42,903 - ERROR - Bloqué : 8 / 10
2025-01-25 19:22:44,113 - ERROR - Bloqué : 9 / 10
2025-01-25 19:22:45,332 - ERROR - Bloqué : 10 / 10
2025-01-25 19:22:46,539 - ERROR - Bloqué sur une map (dalle, autre) changement manuel
2025-01-25 19:22:54,943 - INFO - On change map vers gauche
2025-01-25 19:23:08,626 - ERROR - Bloqué : 1 / 10
2025-01-25 19:23:09,889 - ERROR - Bloqué : 2 / 10
2025-01-25 19:23:11,114 - ERROR - Bloqué : 3 / 10
2025-01-25 19:23:12,361 - ERROR - Bloqué : 4 / 10
2025-01-25 19:23:13,607 - ERROR - Bloqué : 5 / 10
2025-01-25 19:23:13,607 - INFO - Temps écoulé : 1 minute(s) et 0 seconde(s)
2025-01-25 19:23:14,858 - ERROR - Bloqué : 6 / 10
2025-01-25 19:23:16,076 - ERROR - Bloqué : 7 / 10
2025-01-25 19:23:40,104 - ERROR - Bloqué : 8 / 10
2025-01-25 19:23:46,300 - ERROR - Bloqué : 9 / 10
2025-01-25 19:24:13,631 - INFO - Temps écoulé : 2 minute(s) et 0 seconde(s)
2025-01-25 19:24:24,742 - ERROR - Bloqué : 10 / 10
2025-01-25 19:24:25,970 - ERROR - Bloqué sur une map (dalle, autre) changement manuel
2025-01-25 19:24:31,304 - INFO - On change map vers gauche
2025-01-25 19:25:13,651 - INFO - Temps écoulé : 3 minute(s) et 0 seconde(s)
2025-01-25 19:26:02,002 - ERROR - Bloqué : 1 / 10
2025-01-25 19:26:03,239 - ERROR - Bloqué : 2 / 10
2025-01-25 19:26:04,706 - ERROR - Bloqué : 3 / 10
2025-01-25 19:26:05,911 - ERROR - Bloqué : 4 / 10
2025-01-25 19:26:12,219 - INFO - Vérification de la base de données.
2025-01-25 19:26:12,440 - INFO - La base de données locale est à jour.
2025-01-25 19:26:12,440 - INFO - Lancement de l'étape : 1 / 4
2025-01-25 19:26:14,018 - INFO - Nombre d'indices détectés : 4
2025-01-25 19:26:14,018 - INFO - On passe à l'indice : 1 / 4
2025-01-25 19:26:14,373 - INFO - Texte extrait : 4 - Menottes
2025-01-25 19:26:14,373 - INFO - Coordonnées actuelle : (-35, -59)
2025-01-25 19:26:14,373 - INFO - Direction 4: x BETWEEN -50 AND -36, y = -59
2025-01-25 19:26:14,375 - INFO - Meilleure correspondance pour 'Menottes': 'Rose noire' à la position (-36, -59)
2025-01-25 19:26:14,379 - INFO - Commande copiée dans le presse-papier : /travel -36 -59
2025-01-25 19:26:42,745 - ERROR - Bloqué : 1 / 10
2025-01-25 19:27:10,167 - INFO - Map de l'indice (-36, -59)
2025-01-25 19:27:11,648 - INFO - On passe à l'indice : 2 / 4
2025-01-25 19:27:12,014 - ERROR - Aucun texte trouvé dans l'image.
2025-01-25 19:27:12,014 - INFO - On passe à l'indice : 3 / 4
2025-01-25 19:27:12,362 - ERROR - Aucun texte trouvé dans l'image.
2025-01-25 19:27:12,362 - INFO - On passe à l'indice : 4 / 4
2025-01-25 19:27:12,544 - INFO - Temps écoulé : 1 minute(s) et 0 seconde(s)
2025-01-25 19:27:12,705 - ERROR - Aucun texte trouvé dans l'image.
2025-01-25 19:27:13,546 - INFO - Lancement de l'étape : 2 / 4
2025-01-25 19:27:15,144 - INFO - Nombre d'indices détectés : 4
2025-01-25 19:27:15,144 - INFO - On passe à l'indice : 1 / 4
2025-01-25 19:27:15,510 - INFO - Texte extrait : 4 - Menottes
2025-01-25 19:27:15,510 - INFO - Coordonnées actuelle : (-36, -59)
2025-01-25 19:27:15,511 - INFO - Direction 4: x BETWEEN -51 AND -37, y = -59
2025-01-25 19:27:15,512 - ERROR - Erreur : Impossible de récupérer les données de l'API.
2025-01-25 19:27:15,513 - INFO - On passe à l'indice : 2 / 4
2025-01-25 19:27:15,861 - ERROR - Aucun texte trouvé dans l'image.
2025-01-25 19:27:15,862 - INFO - On passe à l'indice : 3 / 4
2025-01-25 19:27:16,236 - ERROR - Aucun texte trouvé dans l'image.
2025-01-25 19:27:16,236 - INFO - On passe à l'indice : 4 / 4
2025-01-25 19:27:16,564 - ERROR - Aucun texte trouvé dans l'image.
2025-01-25 19:27:17,589 - INFO - Lancement de l'étape : 3 / 4
2025-01-25 19:27:19,190 - INFO - Nombre d'indices détectés : 4
2025-01-25 19:27:19,191 - INFO - On passe à l'indice : 1 / 4
2025-01-25 19:27:19,574 - INFO - Texte extrait : 4 - Menottes
2025-01-25 19:27:19,574 - INFO - Coordonnées actuelle : (-36, -59)
2025-01-25 19:27:19,574 - INFO - Direction 4: x BETWEEN -51 AND -37, y = -59
2025-01-25 19:27:19,575 - ERROR - Erreur : Impossible de récupérer les données de l'API.
2025-01-25 19:27:19,575 - INFO - On passe à l'indice : 2 / 4
2025-01-25 19:27:19,944 - ERROR - Aucun texte trouvé dans l'image.
2025-01-25 19:27:19,945 - INFO - On passe à l'indice : 3 / 4
2025-01-25 19:27:20,317 - ERROR - Aucun texte trouvé dans l'image.
2025-01-25 19:27:20,317 - INFO - On passe à l'indice : 4 / 4
2025-01-25 19:28:17,750 - INFO - Vérification de la base de données.
2025-01-25 19:28:17,822 - INFO - La base de données locale est à jour.
2025-01-25 19:28:17,823 - INFO - Lancement de l'étape : 1 / 4
2025-01-25 19:28:19,389 - INFO - Nombre d'indices détectés : 4
2025-01-25 19:28:19,389 - INFO - On passe à l'indice : 1 / 4
2025-01-25 19:28:19,753 - INFO - Texte extrait : 4 - Menottes
2025-01-25 19:28:19,753 - INFO - Coordonnées actuelle : (-31, -56)
2025-01-25 19:28:19,754 - INFO - Direction 4: x BETWEEN -46 AND -32, y = -56
2025-01-25 19:28:19,755 - INFO - Meilleure correspondance pour 'Menottes': 'Menottes' à la position (-35, -56)
2025-01-25 19:28:19,759 - INFO - Commande copiée dans le presse-papier : /travel -35 -56
2025-01-25 19:28:34,968 - ERROR - Bloqué : 1 / 10
2025-01-25 19:28:36,183 - ERROR - Bloqué : 2 / 10
2025-01-25 19:28:37,396 - INFO - Map de l'indice (-35, -56)
2025-01-25 19:28:38,845 - INFO - On passe à l'indice : 2 / 4
2025-01-25 19:28:39,212 - INFO - Texte extrait : 6 - Ceinture cloutée
2025-01-25 19:28:39,212 - INFO - Coordonnées actuelle : (-35, -56)
2025-01-25 19:28:39,213 - INFO - Direction 6: y BETWEEN -71 AND -57  x = -35
2025-01-25 19:28:39,214 - INFO - Meilleure correspondance pour 'Ceinture cloutée': 'Ceinture cloutée' à la position (-35, -61)
2025-01-25 19:28:39,217 - INFO - Commande copiée dans le presse-papier : /travel -35 -61
2025-01-25 19:28:43,379 - ERROR - Bloqué : 1 / 10
2025-01-25 19:28:44,606 - ERROR - Bloqué : 2 / 10
2025-01-25 19:28:45,829 - ERROR - Bloqué : 3 / 10
2025-01-25 19:28:49,541 - ERROR - Bloqué : 1 / 10
2025-01-25 19:28:50,751 - ERROR - Bloqué : 2 / 10
2025-01-25 19:28:53,203 - ERROR - Bloqué : 1 / 10
2025-01-25 19:28:54,416 - ERROR - Bloqué : 2 / 10
2025-01-25 19:28:55,787 - ERROR - Bloqué : 3 / 10
2025-01-25 19:28:58,226 - ERROR - Bloqué : 1 / 10
2025-01-25 19:28:59,446 - ERROR - Bloqué : 2 / 10
2025-01-25 19:29:00,670 - ERROR - Bloqué : 3 / 10
2025-01-25 19:29:01,889 - ERROR - Bloqué : 4 / 10
2025-01-25 19:29:03,110 - ERROR - Bloqué : 5 / 10
2025-01-25 19:29:04,321 - ERROR - Bloqué : 6 / 10
2025-01-25 19:29:05,540 - ERROR - Bloqué : 7 / 10
2025-01-25 19:29:06,760 - ERROR - Bloqué : 8 / 10
2025-01-25 19:29:07,980 - ERROR - Bloqué : 9 / 10
2025-01-25 19:29:09,203 - ERROR - Bloqué : 10 / 10
2025-01-25 19:29:09,203 - ERROR - Bloqué sur une map (dalle, autre) changement manuel
2025-01-25 19:29:11,465 - INFO - On change map vers haut
2025-01-25 19:29:17,896 - INFO - Temps écoulé : 1 minute(s) et 0 seconde(s)
2025-01-25 19:29:27,678 - ERROR - Bloqué : 1 / 10
2025-01-25 19:29:28,882 - INFO - Map de l'indice (-35, -61)
2025-01-25 19:29:30,346 - INFO - On passe à l'indice : 3 / 4
2025-01-25 19:29:30,721 - INFO - Texte extrait : 0 - Gravure darakne
2025-01-25 19:29:30,721 - INFO - Coordonnées actuelle : (-35, -61)
2025-01-25 19:29:30,722 - INFO - Direction 0: x BETWEEN -34 AND -20, y = -61
2025-01-25 19:29:30,723 - INFO - Meilleure correspondance pour 'Gravure darakne': 'Gravure d'arakne' à la position (-34, -61)
2025-01-25 19:29:30,726 - INFO - Commande copiée dans le presse-papier : /travel -34 -61
2025-01-25 19:29:34,907 - INFO - Map de l'indice (-34, -61)
2025-01-25 19:29:36,423 - INFO - On passe à l'indice : 4 / 4
2025-01-25 19:29:36,785 - INFO - Texte extrait : 2 - Serrure dorée
2025-01-25 19:29:36,785 - INFO - Coordonnées actuelle : (-34, -61)
2025-01-25 19:29:36,785 - INFO - Direction 2: y BETWEEN -60 AND -46, x = -34
2025-01-25 19:29:36,787 - INFO - Meilleure correspondance pour 'Serrure dorée': 'Serrure dorée' à la position (-34, -60)
2025-01-25 19:29:36,789 - INFO - Commande copiée dans le presse-papier : /travel -34 -60
2025-01-25 19:29:42,415 - INFO - Map de l'indice (-34, -60)
2025-01-25 19:29:43,789 - INFO - Fin d'une étape, on va passer à la suivante !
2025-01-25 19:29:46,906 - INFO - Lancement de l'étape : 2 / 4
2025-01-25 19:29:48,580 - INFO - Nombre d'indices détectés : 4
2025-01-25 19:29:48,630 - INFO - On passe à l'indice : 1 / 4
2025-01-25 19:29:48,996 - INFO - Texte extrait : 0 - Gravure de clef
2025-01-25 19:29:48,997 - INFO - Coordonnées actuelle : (-34, -60)
2025-01-25 19:29:48,997 - INFO - Direction 0: x BETWEEN -33 AND -19, y = -60
2025-01-25 19:29:49,000 - INFO - Meilleure correspondance pour 'Gravure de clef': 'Gravure de clef' à la position (-33, -60)
2025-01-25 19:29:49,004 - INFO - Commande copiée dans le presse-papier : /travel -33 -60
2025-01-25 19:29:53,270 - ERROR - Bloqué : 1 / 10
2025-01-25 19:30:47,176 - INFO - Temps écoulé : 1 minute(s) et 0 seconde(s)
2025-01-25 19:31:22,016 - ERROR - Bloqué : 1 / 10
2025-01-25 19:31:32,835 - ERROR - Bloqué : 2 / 10
2025-01-25 19:31:47,210 - INFO - Temps écoulé : 2 minute(s) et 0 seconde(s)
2025-01-25 19:31:52,519 - INFO - Vérification de la base de données.
2025-01-25 19:31:52,825 - INFO - La base de données locale est à jour.
2025-01-25 19:31:52,825 - INFO - Lancement de l'étape : 1 / 4
2025-01-25 19:31:54,393 - INFO - Nombre d'indices détectés : 4
2025-01-25 19:31:54,393 - INFO - On passe à l'indice : 1 / 4
2025-01-25 19:31:54,738 - INFO - Texte extrait : 0 - Gravure de clef
2025-01-25 19:31:54,738 - INFO - Coordonnées actuelle : (6, 13)
2025-01-25 19:31:54,739 - INFO - Direction 0: x BETWEEN 7 AND 21, y = 13
2025-01-25 19:31:54,740 - INFO - Meilleure correspondance pour 'Gravure de clef': 'Fleurs smiley' à la position (7, 13)
2025-01-25 19:31:54,744 - INFO - Commande copiée dans le presse-papier : /travel 7 13
2025-01-25 19:32:29,727 - INFO - Vérification de la base de données.
2025-01-25 19:32:29,803 - INFO - La base de données locale est à jour.
2025-01-25 19:32:29,804 - INFO - Lancement de l'étape : 1 / 4
2025-01-25 19:32:31,377 - INFO - Nombre d'indices détectés : 4
2025-01-25 19:32:31,378 - INFO - On passe à l'indice : 1 / 4
2025-01-25 19:32:31,755 - INFO - Texte extrait : 0 - Gravure de clef
2025-01-25 19:32:31,755 - INFO - Coordonnées actuelle : (4, 13)
2025-01-25 19:32:31,755 - INFO - Direction 0: x BETWEEN 5 AND 19, y = 13
2025-01-25 19:32:31,758 - INFO - Meilleure correspondance pour 'Gravure de clef': 'Gravure de lune' à la position (6, 13)
2025-01-25 19:32:31,762 - INFO - Commande copiée dans le presse-papier : /travel 6 13
2025-01-25 19:32:37,496 - ERROR - Bloqué : 1 / 10
2025-01-25 19:32:38,698 - ERROR - Bloqué : 2 / 10
2025-01-25 19:33:03,335 - INFO - Map de l'indice (6, 13)
2025-01-25 19:33:04,896 - INFO - On passe à l'indice : 2 / 4
2025-01-25 19:33:05,262 - INFO - Texte extrait : 4 - Phorreur sournois
2025-01-25 19:33:05,262 - INFO - Coordonnées actuelle : (6, 13)
2025-01-25 19:33:05,263 - INFO - Direction 4: x BETWEEN -9 AND 5, y = 13
2025-01-25 19:33:05,264 - INFO - 

2025-01-25 19:33:05,264 - INFO - 

2025-01-25 19:33:05,264 - INFO - ==============================
2025-01-25 19:33:05,264 - INFO - 🚨  PHORREUR DÉTECTÉ  🚨
2025-01-25 19:33:05,265 - INFO - Détection en cours
2025-01-25 19:33:05,265 - INFO - ==============================

2025-01-25 19:33:05,265 - INFO - 

2025-01-25 19:33:05,265 - INFO - 

2025-01-25 19:33:05,269 - INFO - Commande copiée dans le presse-papier : /travel 5 13
2025-01-25 19:35:03,797 - INFO - Vérification de la base de données.
2025-01-25 19:35:03,869 - INFO - La base de données locale est à jour.
2025-01-25 19:35:03,869 - INFO - Lancement de l'étape : 1 / 4
2025-01-25 19:35:05,473 - INFO - Nombre d'indices détectés : 4
2025-01-25 19:35:05,474 - INFO - On passe à l'indice : 1 / 4
2025-01-25 19:35:05,863 - INFO - Texte extrait : 0 - Gravure de clef
2025-01-25 19:35:05,863 - INFO - Coordonnées actuelle : (6, 13)
2025-01-25 19:35:05,864 - INFO - Direction 0: x BETWEEN 7 AND 21, y = 13
2025-01-25 19:35:05,865 - INFO - Meilleure correspondance pour 'Gravure de clef': 'Fleurs smiley' à la position (7, 13)
2025-01-25 19:35:05,870 - INFO - Commande copiée dans le presse-papier : /travel 7 13
2025-01-25 19:35:33,600 - INFO - Map de l'indice (7, 13)
2025-01-25 19:35:35,155 - INFO - On passe à l'indice : 2 / 4
2025-01-25 19:35:35,542 - INFO - Texte extrait : 6 - Fleurs smiley
2025-01-25 19:35:35,543 - INFO - Coordonnées actuelle : (7, 13)
2025-01-25 19:35:35,543 - INFO - Direction 6: y BETWEEN -2 AND 12  x = 7
2025-01-25 19:35:35,544 - INFO - Meilleure correspondance pour 'Fleurs smiley': 'Fleurs smiley' à la position (7, 7)
2025-01-25 19:35:35,547 - INFO - Commande copiée dans le presse-papier : /travel 7 7
2025-01-25 19:37:53,048 - INFO - ========================================
2025-01-25 19:37:53,048 - INFO - Résumé des chasses :
2025-01-25 19:37:53,048 - INFO -   - Chasses réussies : 0
2025-01-25 19:37:53,048 - INFO -   - Chasses ratées   : 0
2025-01-25 19:37:53,049 - INFO -   - Temps écoulé     : 0h 0m 0s
2025-01-25 19:37:53,049 - INFO - ========================================
2025-01-25 19:37:53,049 - INFO - On regarde si chasse en cours
2025-01-25 19:37:53,592 - ERROR - Aucune correspondance trouvée pour [chasse] avec un score suffisant.
2025-01-25 19:37:53,594 - INFO - Pas de chasse en cours
2025-01-25 19:37:53,594 - INFO - 👜
2025-01-25 19:38:01,459 - INFO - champs de cania
2025-01-25 19:38:31,828 - INFO - 🚪
2025-01-25 19:38:33,366 - INFO - 🚪 ✅
2025-01-25 19:38:41,841 - INFO - ☀️
2025-01-25 19:38:42,780 - INFO - ☀️ ✅
2025-01-25 19:38:47,781 - INFO - 📖
2025-01-25 19:39:07,181 - INFO - 👜
2025-01-25 19:39:15,430 - INFO - Village côtier
2025-01-25 19:39:25,796 - INFO - Voyage pos actuelle : (-46, 18)
2025-01-25 19:39:28,018 - INFO - Voyage pos actuelle : (-47, 18)
2025-01-25 19:39:30,215 - INFO - Voyage pos actuelle : (-47, 18)
2025-01-25 19:39:32,448 - INFO - Voyage pos actuelle : (-47, 19)
2025-01-25 19:39:34,674 - INFO - Voyage pos actuelle : (-48, 19)
2025-01-25 19:39:37,676 - INFO - Vérification de la base de données.
2025-01-25 19:39:37,897 - INFO - La base de données locale est à jour.
2025-01-25 19:39:37,898 - INFO - Lancement de l'étape : 1 / 4
2025-01-25 19:39:38,727 - INFO - Nombre d'indices détectés : 6
2025-01-25 19:39:38,728 - INFO - On passe à l'indice : 1 / 6
2025-01-25 19:39:39,103 - INFO - Texte extrait : 6 - Phorreur sournois
2025-01-25 19:39:39,103 - INFO - Coordonnées actuelle : (-48, 19)
2025-01-25 19:39:39,104 - INFO - Direction 6: y BETWEEN 4 AND 18  x = -48
2025-01-25 19:39:39,105 - INFO - 

2025-01-25 19:39:39,105 - INFO - 

2025-01-25 19:39:39,105 - INFO - ==============================
2025-01-25 19:39:39,105 - INFO - 🚨  PHORREUR DÉTECTÉ  🚨
2025-01-25 19:39:39,105 - INFO - Détection en cours
2025-01-25 19:39:39,106 - INFO - ==============================

2025-01-25 19:39:39,106 - INFO - 

2025-01-25 19:39:39,106 - INFO - 

2025-01-25 19:39:39,109 - INFO - Commande copiée dans le presse-papier : /travel -48 18
2025-01-25 19:39:46,889 - INFO - On cherche un phorreur : Phorreur sournois
2025-01-25 19:39:47,004 - ERROR - Aucune correspondance trouvée pour [sournois] avec un score suffisant.
2025-01-25 19:39:47,008 - INFO - Commande copiée dans le presse-papier : /travel -48 17
2025-01-25 19:39:53,999 - INFO - On cherche un phorreur : Phorreur sournois
2025-01-25 19:39:54,106 - ERROR - Aucune correspondance trouvée pour [sournois] avec un score suffisant.
2025-01-25 19:39:54,109 - INFO - Commande copiée dans le presse-papier : /travel -48 16
2025-01-25 19:40:02,321 - INFO - On cherche un phorreur : Phorreur sournois
2025-01-25 19:40:02,430 - ERROR - Aucune correspondance trouvée pour [sournois] avec un score suffisant.
2025-01-25 19:40:02,432 - INFO - Commande copiée dans le presse-papier : /travel -48 15
2025-01-25 19:40:09,269 - INFO - On cherche un phorreur : Phorreur sournois
2025-01-25 19:40:09,379 - ERROR - Aucune correspondance trouvée pour [sournois] avec un score suffisant.
2025-01-25 19:40:09,382 - INFO - Commande copiée dans le presse-papier : /travel -48 14
2025-01-25 19:40:15,909 - INFO - On cherche un phorreur : Phorreur sournois
2025-01-25 19:40:16,019 - ERROR - Aucune correspondance trouvée pour [sournois] avec un score suffisant.
2025-01-25 19:40:16,022 - INFO - Commande copiée dans le presse-papier : /travel -48 13
2025-01-25 19:40:24,177 - INFO - On cherche un phorreur : Phorreur sournois
2025-01-25 19:40:24,283 - ERROR - Aucune correspondance trouvée pour [sournois] avec un score suffisant.
2025-01-25 19:40:24,286 - INFO - Commande copiée dans le presse-papier : /travel -48 12
2025-01-25 19:40:31,121 - INFO - On cherche un phorreur : Phorreur sournois
2025-01-25 19:40:31,227 - INFO - Map de l'indice (-48, 12)
2025-01-25 19:40:32,719 - INFO - On passe à l'indice : 2 / 6
2025-01-25 19:40:33,080 - INFO - Texte extrait : 4 - Fleurs smiley
2025-01-25 19:40:33,080 - INFO - Coordonnées actuelle : (-48, 12)
2025-01-25 19:40:33,080 - INFO - Direction 4: x BETWEEN -63 AND -49, y = 12
2025-01-25 19:40:33,081 - INFO - Meilleure correspondance pour 'Fleurs smiley': 'Fleurs smiley' à la position (-51, 12)
2025-01-25 19:40:33,084 - INFO - Commande copiée dans le presse-papier : /travel -51 12
2025-01-25 19:40:36,996 - ERROR - Bloqué : 1 / 10
2025-01-25 19:40:38,038 - INFO - Temps écoulé : 1 minute(s) et 0 seconde(s)
2025-01-25 19:40:39,427 - ERROR - Bloqué : 1 / 10
2025-01-25 19:40:40,772 - ERROR - Bloqué : 2 / 10
2025-01-25 19:40:43,218 - ERROR - Bloqué : 1 / 10
2025-01-25 19:40:44,432 - ERROR - Bloqué : 2 / 10
2025-01-25 19:40:45,635 - INFO - Map de l'indice (-51, 12)
2025-01-25 19:40:47,024 - INFO - On passe à l'indice : 3 / 6
2025-01-25 19:40:47,381 - INFO - Texte extrait : 2 - Phorreur baveux
2025-01-25 19:40:47,381 - INFO - Coordonnées actuelle : (-51, 12)
2025-01-25 19:40:47,382 - INFO - Direction 2: y BETWEEN 13 AND 27, x = -51
2025-01-25 19:40:47,383 - INFO - 

2025-01-25 19:40:47,383 - INFO - 

2025-01-25 19:40:47,383 - INFO - ==============================
2025-01-25 19:40:47,383 - INFO - 🚨  PHORREUR DÉTECTÉ  🚨
2025-01-25 19:40:47,383 - INFO - Détection en cours
2025-01-25 19:40:47,383 - INFO - ==============================

2025-01-25 19:40:47,383 - INFO - 

2025-01-25 19:40:47,384 - INFO - 

2025-01-25 19:40:47,386 - INFO - Commande copiée dans le presse-papier : /travel -51 13
2025-01-25 19:40:54,027 - INFO - On cherche un phorreur : Phorreur baveux
2025-01-25 19:40:54,126 - ERROR - Aucune correspondance trouvée pour [baveux] avec un score suffisant.
2025-01-25 19:40:54,130 - INFO - Commande copiée dans le presse-papier : /travel -51 14
2025-01-25 19:41:02,249 - INFO - On cherche un phorreur : Phorreur baveux
2025-01-25 19:41:02,349 - ERROR - Aucune correspondance trouvée pour [baveux] avec un score suffisant.
2025-01-25 19:41:02,353 - INFO - Commande copiée dans le presse-papier : /travel -51 15
2025-01-25 19:41:08,849 - INFO - On cherche un phorreur : Phorreur baveux
2025-01-25 19:41:08,948 - ERROR - Aucune correspondance trouvée pour [baveux] avec un score suffisant.
2025-01-25 19:41:08,950 - INFO - Commande copiée dans le presse-papier : /travel -51 16
2025-01-25 19:41:16,029 - INFO - On cherche un phorreur : Phorreur baveux
2025-01-25 19:41:16,129 - INFO - Map de l'indice (-51, 16)
2025-01-25 19:41:17,693 - INFO - On passe à l'indice : 4 / 6
2025-01-25 19:41:18,035 - INFO - Texte extrait : 6 - Gravure de Kamo
2025-01-25 19:41:18,035 - INFO - Coordonnées actuelle : (-51, 16)
2025-01-25 19:41:18,035 - INFO - Direction 6: y BETWEEN 1 AND 15  x = -51
2025-01-25 19:41:18,036 - INFO - Meilleure correspondance pour 'Gravure de Kamo': 'Gravure de Kama' à la position (-51, 14)
2025-01-25 19:41:18,038 - INFO - Commande copiée dans le presse-papier : /travel -51 14
2025-01-25 19:41:23,859 - ERROR - Bloqué : 1 / 10
2025-01-25 19:41:25,101 - INFO - Map de l'indice (-51, 14)
2025-01-25 19:41:26,554 - INFO - On passe à l'indice : 5 / 6
2025-01-25 19:41:26,904 - INFO - Texte extrait : 2 - Phorreur chafouin
2025-01-25 19:41:26,904 - INFO - Coordonnées actuelle : (-51, 14)
2025-01-25 19:41:26,906 - INFO - Direction 2: y BETWEEN 15 AND 29, x = -51
2025-01-25 19:41:26,907 - INFO - 

2025-01-25 19:41:26,907 - INFO - 

2025-01-25 19:41:26,907 - INFO - ==============================
2025-01-25 19:41:26,907 - INFO - 🚨  PHORREUR DÉTECTÉ  🚨
2025-01-25 19:41:26,907 - INFO - Détection en cours
2025-01-25 19:41:26,907 - INFO - ==============================

2025-01-25 19:41:26,907 - INFO - 

2025-01-25 19:41:26,907 - INFO - 

2025-01-25 19:41:26,910 - INFO - Commande copiée dans le presse-papier : /travel -51 15
2025-01-25 19:41:32,366 - INFO - On cherche un phorreur : Phorreur chafouin
2025-01-25 19:41:32,477 - ERROR - Aucune correspondance trouvée pour [chafouin] avec un score suffisant.
2025-01-25 19:41:32,480 - INFO - Commande copiée dans le presse-papier : /travel -51 16
2025-01-25 19:41:38,138 - INFO - Temps écoulé : 2 minute(s) et 0 seconde(s)
2025-01-25 19:41:39,341 - INFO - On cherche un phorreur : Phorreur chafouin
2025-01-25 19:41:39,444 - ERROR - Aucune correspondance trouvée pour [chafouin] avec un score suffisant.
2025-01-25 19:41:39,450 - INFO - Commande copiée dans le presse-papier : /travel -51 17
2025-01-25 19:41:46,540 - INFO - On cherche un phorreur : Phorreur chafouin
2025-01-25 19:41:46,641 - ERROR - Aucune correspondance trouvée pour [chafouin] avec un score suffisant.
2025-01-25 19:41:46,644 - INFO - Commande copiée dans le presse-papier : /travel -51 18
2025-01-25 19:41:53,474 - INFO - On cherche un phorreur : Phorreur chafouin
2025-01-25 19:41:53,579 - ERROR - Aucune correspondance trouvée pour [chafouin] avec un score suffisant.
2025-01-25 19:41:53,582 - INFO - Commande copiée dans le presse-papier : /travel -51 19
2025-01-25 19:42:00,293 - INFO - On cherche un phorreur : Phorreur chafouin
2025-01-25 19:42:00,397 - ERROR - Aucune correspondance trouvée pour [chafouin] avec un score suffisant.
2025-01-25 19:42:00,399 - INFO - Commande copiée dans le presse-papier : /travel -51 20
2025-01-25 19:42:08,391 - INFO - On cherche un phorreur : Phorreur chafouin
2025-01-25 19:42:08,492 - ERROR - Aucune correspondance trouvée pour [chafouin] avec un score suffisant.
2025-01-25 19:42:08,495 - INFO - Commande copiée dans le presse-papier : /travel -51 21
2025-01-25 19:42:16,603 - INFO - On cherche un phorreur : Phorreur chafouin
2025-01-25 19:42:16,715 - ERROR - Aucune correspondance trouvée pour [chafouin] avec un score suffisant.
2025-01-25 19:42:16,717 - INFO - Commande copiée dans le presse-papier : /travel -51 22
2025-01-25 19:42:24,616 - INFO - On cherche un phorreur : Phorreur chafouin
2025-01-25 19:42:24,719 - ERROR - Aucune correspondance trouvée pour [chafouin] avec un score suffisant.
2025-01-25 19:42:24,722 - INFO - Commande copiée dans le presse-papier : /travel -51 23
2025-01-25 19:42:32,565 - INFO - On cherche un phorreur : Phorreur chafouin
2025-01-25 19:42:32,668 - ERROR - Aucune correspondance trouvée pour [chafouin] avec un score suffisant.
2025-01-25 19:42:32,671 - INFO - Commande copiée dans le presse-papier : /travel -51 24
2025-01-25 19:42:38,188 - INFO - Temps écoulé : 3 minute(s) et 0 seconde(s)
2025-01-25 19:42:40,589 - INFO - On cherche un phorreur : Phorreur chafouin
2025-01-25 19:42:40,692 - INFO - Map de l'indice (-51, 24)
2025-01-25 19:42:42,100 - INFO - On passe à l'indice : 6 / 6
2025-01-25 19:42:42,442 - INFO - Texte extrait : 6 - Gravure de papotte E
2025-01-25 19:42:42,442 - INFO - Coordonnées actuelle : (-51, 24)
2025-01-25 19:42:42,443 - INFO - Direction 6: y BETWEEN 9 AND 23  x = -51
2025-01-25 19:42:42,444 - INFO - Meilleure correspondance pour 'Gravure de papotte E': 'Gravure de papatte' à la position (-51, 15)
2025-01-25 19:42:42,446 - INFO - Commande copiée dans le presse-papier : /travel -51 15
2025-01-25 19:42:46,822 - ERROR - Bloqué : 1 / 10
2025-01-25 19:42:48,195 - ERROR - Bloqué : 2 / 10
2025-01-25 19:42:50,643 - ERROR - Bloqué : 1 / 10
2025-01-25 19:42:51,860 - ERROR - Bloqué : 2 / 10
2025-01-25 19:42:54,298 - ERROR - Bloqué : 1 / 10
2025-01-25 19:42:55,568 - ERROR - Bloqué : 2 / 10
2025-01-25 19:42:57,979 - ERROR - Bloqué : 1 / 10
2025-01-25 19:42:59,187 - ERROR - Bloqué : 2 / 10
2025-01-25 19:43:01,618 - ERROR - Bloqué : 1 / 10
2025-01-25 19:43:02,832 - ERROR - Bloqué : 2 / 10
2025-01-25 19:43:05,258 - ERROR - Bloqué : 1 / 10
2025-01-25 19:43:06,456 - ERROR - Bloqué : 2 / 10
2025-01-25 19:43:08,880 - ERROR - Bloqué : 1 / 10
2025-01-25 19:43:12,569 - ERROR - Bloqué : 1 / 10
2025-01-25 19:43:13,765 - ERROR - Bloqué : 2 / 10
2025-01-25 19:43:14,977 - INFO - Map de l'indice (-51, 15)
2025-01-25 19:43:16,396 - INFO - Fin d'une étape, on va passer à la suivante !
2025-01-25 19:43:18,334 - INFO - Lancement de l'étape : 2 / 4
2025-01-25 19:43:19,172 - INFO - Nombre d'indices détectés : 5
2025-01-25 19:43:19,172 - INFO - On passe à l'indice : 1 / 5
2025-01-25 19:43:19,529 - INFO - Texte extrait : 2 - Phorreur fourbe
2025-01-25 19:43:19,529 - INFO - Coordonnées actuelle : (-51, 15)
2025-01-25 19:43:19,529 - INFO - Direction 2: y BETWEEN 16 AND 30, x = -51
2025-01-25 19:43:19,531 - INFO - 

2025-01-25 19:43:19,531 - INFO - 

2025-01-25 19:43:19,531 - INFO - ==============================
2025-01-25 19:43:19,531 - INFO - 🚨  PHORREUR DÉTECTÉ  🚨
2025-01-25 19:43:19,531 - INFO - Détection en cours
2025-01-25 19:43:19,531 - INFO - ==============================

2025-01-25 19:43:19,531 - INFO - 

2025-01-25 19:43:19,531 - INFO - 

2025-01-25 19:43:19,534 - INFO - Commande copiée dans le presse-papier : /travel -51 16
2025-01-25 19:43:25,013 - INFO - On cherche un phorreur : Phorreur fourbe
2025-01-25 19:43:25,113 - ERROR - Aucune correspondance trouvée pour [fourbe] avec un score suffisant.
2025-01-25 19:43:25,116 - INFO - Commande copiée dans le presse-papier : /travel -51 17
2025-01-25 19:43:31,929 - INFO - On cherche un phorreur : Phorreur fourbe
2025-01-25 19:43:32,028 - ERROR - Aucune correspondance trouvée pour [fourbe] avec un score suffisant.
2025-01-25 19:43:32,032 - INFO - Commande copiée dans le presse-papier : /travel -51 18
2025-01-25 19:43:39,063 - INFO - On cherche un phorreur : Phorreur fourbe
2025-01-25 19:43:39,164 - ERROR - Aucune correspondance trouvée pour [fourbe] avec un score suffisant.
2025-01-25 19:43:39,168 - INFO - Commande copiée dans le presse-papier : /travel -51 19
2025-01-25 19:43:45,910 - INFO - On cherche un phorreur : Phorreur fourbe
2025-01-25 19:43:46,011 - ERROR - Aucune correspondance trouvée pour [fourbe] avec un score suffisant.
2025-01-25 19:43:46,014 - INFO - Commande copiée dans le presse-papier : /travel -51 20
2025-01-25 19:43:53,896 - INFO - On cherche un phorreur : Phorreur fourbe
2025-01-25 19:43:53,998 - ERROR - Aucune correspondance trouvée pour [fourbe] avec un score suffisant.
2025-01-25 19:43:54,002 - INFO - Commande copiée dans le presse-papier : /travel -51 21
2025-01-25 19:44:01,979 - INFO - On cherche un phorreur : Phorreur fourbe
2025-01-25 19:44:02,089 - INFO - Map de l'indice (-51, 21)
2025-01-25 19:44:03,518 - INFO - On passe à l'indice : 2 / 5
2025-01-25 19:44:03,867 - INFO - Texte extrait : 6 - Trace demainensang
2025-01-25 19:44:03,867 - INFO - Coordonnées actuelle : (-51, 21)
2025-01-25 19:44:03,868 - INFO - Direction 6: y BETWEEN 6 AND 20  x = -51
2025-01-25 19:44:03,869 - INFO - Meilleure correspondance pour 'Trace demainensang': 'Trace de main en sang' à la position (-51, 13)
2025-01-25 19:44:03,872 - INFO - Commande copiée dans le presse-papier : /travel -51 13
2025-01-25 19:44:09,035 - ERROR - Bloqué : 1 / 10
2025-01-25 19:44:11,439 - ERROR - Bloqué : 1 / 10
2025-01-25 19:44:12,647 - ERROR - Bloqué : 2 / 10
2025-01-25 19:44:15,080 - ERROR - Bloqué : 1 / 10
2025-01-25 19:44:16,544 - ERROR - Bloqué : 2 / 10
2025-01-25 19:44:18,434 - INFO - Temps écoulé : 1 minute(s) et 0 seconde(s)
2025-01-25 19:44:18,960 - ERROR - Bloqué : 1 / 10
2025-01-25 19:44:20,165 - ERROR - Bloqué : 2 / 10
2025-01-25 19:44:22,599 - ERROR - Bloqué : 1 / 10
2025-01-25 19:44:23,990 - ERROR - Bloqué : 2 / 10
2025-01-25 19:44:26,419 - ERROR - Bloqué : 1 / 10
2025-01-25 19:44:27,635 - ERROR - Bloqué : 2 / 10
2025-01-25 19:44:30,059 - ERROR - Bloqué : 1 / 10
2025-01-25 19:44:31,254 - ERROR - Bloqué : 2 / 10
2025-01-25 19:44:32,462 - INFO - Map de l'indice (-51, 13)
2025-01-25 19:44:33,835 - INFO - On passe à l'indice : 3 / 5
2025-01-25 19:44:34,189 - INFO - Texte extrait : 4 - Talisman en papier E
2025-01-25 19:44:34,189 - INFO - Coordonnées actuelle : (-51, 13)
2025-01-25 19:44:34,189 - INFO - Direction 4: x BETWEEN -66 AND -52, y = 13
2025-01-25 19:44:34,190 - INFO - Meilleure correspondance pour 'Talisman en papier E': 'Talisman en papier' à la position (-53, 13)
2025-01-25 19:44:34,193 - INFO - Commande copiée dans le presse-papier : /travel -53 13
2025-01-25 19:44:38,308 - ERROR - Bloqué : 1 / 10
2025-01-25 19:44:40,742 - ERROR - Bloqué : 1 / 10
2025-01-25 19:44:41,943 - ERROR - Bloqué : 2 / 10
2025-01-25 19:44:44,424 - INFO - Map de l'indice (-53, 13)
2025-01-25 19:44:46,014 - INFO - On passe à l'indice : 4 / 5
2025-01-25 19:44:46,386 - INFO - Texte extrait : 4 - Crane de likrone
2025-01-25 19:44:46,386 - INFO - Coordonnées actuelle : (-53, 13)
2025-01-25 19:44:46,386 - INFO - Direction 4: x BETWEEN -68 AND -54, y = 13
2025-01-25 19:44:46,388 - INFO - Meilleure correspondance pour 'Crane de likrone': 'Crâne de likrone' à la position (-56, 13)
2025-01-25 19:44:46,390 - INFO - Commande copiée dans le presse-papier : /travel -56 13
2025-01-25 19:44:50,319 - ERROR - Bloqué : 1 / 10
2025-01-25 19:44:51,665 - ERROR - Bloqué : 2 / 10
2025-01-25 19:44:54,095 - ERROR - Bloqué : 1 / 10
2025-01-25 19:44:55,435 - ERROR - Bloqué : 2 / 10
2025-01-25 19:44:57,867 - ERROR - Bloqué : 1 / 10
2025-01-25 19:44:59,238 - ERROR - Bloqué : 2 / 10
2025-01-25 19:45:00,461 - INFO - Map de l'indice (-56, 13)
2025-01-25 19:45:01,835 - INFO - On passe à l'indice : 5 / 5
2025-01-25 19:45:02,184 - INFO - Texte extrait : 2 - Phorreur sourncis
2025-01-25 19:45:02,184 - INFO - Coordonnées actuelle : (-56, 13)
2025-01-25 19:45:02,184 - INFO - Direction 2: y BETWEEN 14 AND 28, x = -56
2025-01-25 19:45:02,185 - INFO - 

2025-01-25 19:45:02,185 - INFO - 

2025-01-25 19:45:02,185 - INFO - ==============================
2025-01-25 19:45:02,185 - INFO - 🚨  PHORREUR DÉTECTÉ  🚨
2025-01-25 19:45:02,185 - INFO - Détection en cours
2025-01-25 19:45:02,185 - INFO - ==============================

2025-01-25 19:45:02,186 - INFO - 

2025-01-25 19:45:02,186 - INFO - 

2025-01-25 19:45:02,188 - INFO - Commande copiée dans le presse-papier : /travel -56 14
2025-01-25 19:45:08,896 - INFO - On cherche un phorreur : Phorreur sourncis
2025-01-25 19:45:08,998 - ERROR - Aucune correspondance trouvée pour [sournois] avec un score suffisant.
2025-01-25 19:45:09,001 - INFO - Commande copiée dans le presse-papier : /travel -56 15
2025-01-25 19:45:15,718 - INFO - On cherche un phorreur : Phorreur sourncis
2025-01-25 19:45:15,822 - ERROR - Aucune correspondance trouvée pour [sournois] avec un score suffisant.
2025-01-25 19:45:15,825 - INFO - Commande copiée dans le presse-papier : /travel -56 16
2025-01-25 19:45:18,455 - INFO - Temps écoulé : 2 minute(s) et 0 seconde(s)
2025-01-25 19:45:22,792 - INFO - On cherche un phorreur : Phorreur sourncis
2025-01-25 19:45:22,899 - ERROR - Aucune correspondance trouvée pour [sournois] avec un score suffisant.
2025-01-25 19:45:22,902 - INFO - Commande copiée dans le presse-papier : /travel -56 17
2025-01-25 19:45:30,730 - INFO - On cherche un phorreur : Phorreur sourncis
2025-01-25 19:45:30,832 - ERROR - Aucune correspondance trouvée pour [sournois] avec un score suffisant.
2025-01-25 19:45:30,835 - INFO - Commande copiée dans le presse-papier : /travel -56 18
2025-01-25 19:45:37,602 - INFO - On cherche un phorreur : Phorreur sourncis
2025-01-25 19:45:37,705 - ERROR - Aucune correspondance trouvée pour [sournois] avec un score suffisant.
2025-01-25 19:45:37,708 - INFO - Commande copiée dans le presse-papier : /travel -56 19
2025-01-25 19:45:44,641 - INFO - On cherche un phorreur : Phorreur sourncis
2025-01-25 19:45:44,746 - ERROR - Aucune correspondance trouvée pour [sournois] avec un score suffisant.
2025-01-25 19:45:44,751 - INFO - Commande copiée dans le presse-papier : /travel -56 20
2025-01-25 19:45:52,855 - INFO - On cherche un phorreur : Phorreur sourncis
2025-01-25 19:45:52,959 - ERROR - Aucune correspondance trouvée pour [sournois] avec un score suffisant.
2025-01-25 19:45:52,962 - INFO - Commande copiée dans le presse-papier : /travel -56 21
2025-01-25 19:46:01,043 - INFO - On cherche un phorreur : Phorreur sourncis
2025-01-25 19:46:01,151 - ERROR - Aucune correspondance trouvée pour [sournois] avec un score suffisant.
2025-01-25 19:46:01,153 - INFO - Commande copiée dans le presse-papier : /travel -56 22
2025-01-25 19:46:07,935 - INFO - On cherche un phorreur : Phorreur sourncis
2025-01-25 19:46:08,046 - ERROR - Aucune correspondance trouvée pour [sournois] avec un score suffisant.
2025-01-25 19:46:08,050 - INFO - Commande copiée dans le presse-papier : /travel -56 23
2025-01-25 19:46:16,110 - INFO - On cherche un phorreur : Phorreur sourncis
2025-01-25 19:46:16,222 - INFO - Map de l'indice (-56, 23)
2025-01-25 19:46:17,670 - INFO - Fin d'une étape, on va passer à la suivante !
2025-01-25 19:46:18,529 - INFO - Temps écoulé : 3 minute(s) et 0 seconde(s)
2025-01-25 19:46:19,529 - INFO - Lancement de l'étape : 3 / 4
2025-01-25 19:46:20,403 - INFO - Nombre d'indices détectés : 0
2025-01-25 19:46:21,592 - INFO - 🤺
2025-01-25 19:46:27,269 - INFO - 💪
2025-01-25 19:46:30,322 - INFO - ✅
2025-01-25 19:46:35,251 - INFO - 🪄
2025-01-25 19:46:39,597 - INFO - ✨
2025-01-25 19:46:44,479 - INFO - ✨
2025-01-25 19:46:48,839 - INFO - ✨
2025-01-25 19:46:55,761 - INFO - ✨
2025-01-25 19:47:00,248 - INFO - ✨
2025-01-25 19:47:04,950 - INFO - ✨
2025-01-25 19:47:11,299 - INFO - ✨
2025-01-25 19:47:15,945 - INFO - ✨
2025-01-25 19:47:20,798 - INFO - ✨
2025-01-25 19:47:27,125 - INFO - ✨
2025-01-25 19:47:31,267 - INFO - ✨
2025-01-25 19:47:31,794 - ERROR - Aucune correspondance trouvée pour [coffre] avec un score suffisant.
2025-01-25 19:47:32,353 - ERROR - Aucune correspondance trouvée pour [malle] avec un score suffisant.
2025-01-25 19:47:32,354 - INFO - Le combat est fini
2025-01-25 19:47:35,355 - INFO - 

2025-01-25 19:47:37,355 - INFO - Chasse réussie ! Temps pour cette chasse : 584.31 secondes.

2025-01-25 19:47:37,355 - INFO - 

2025-01-25 19:47:37,355 - INFO - 

2025-01-25 19:47:37,364 - INFO - ========================================
2025-01-25 19:47:37,364 - INFO - Résumé des chasses :
2025-01-25 19:47:37,364 - INFO -   - Chasses réussies : 1
2025-01-25 19:47:37,364 - INFO -   - Chasses ratées   : 0
2025-01-25 19:47:37,364 - INFO -   - Temps écoulé     : 0h 9m 44s
2025-01-25 19:47:37,364 - INFO - ========================================
2025-01-25 19:47:37,364 - INFO - On regarde si chasse en cours
2025-01-25 19:47:37,741 - ERROR - Aucune correspondance trouvée pour [chasse] avec un score suffisant.
2025-01-25 19:47:37,741 - INFO - Pas de chasse en cours
2025-01-25 19:47:37,742 - INFO - 👜
2025-01-25 19:56:25,864 - INFO - ========================================
2025-01-25 19:56:25,864 - INFO - Résumé des chasses :
2025-01-25 19:56:25,864 - INFO -   - Chasses réussies : 0
2025-01-25 19:56:25,864 - INFO -   - Chasses ratées   : 0
2025-01-25 19:56:25,864 - INFO -   - Temps écoulé     : 0h 0m 0s
2025-01-25 19:56:25,864 - INFO - ========================================
2025-01-25 19:56:25,864 - INFO - On regarde si chasse en cours
2025-01-25 19:56:26,439 - ERROR - Aucune correspondance trouvée pour [chasse] avec un score suffisant.
2025-01-25 19:56:26,440 - INFO - Pas de chasse en cours
2025-01-25 19:56:26,440 - INFO - 👜
2025-01-25 19:56:30,384 - ERROR - Aucune correspondance trouvée pour [zaap_1k] avec un score suffisant.
2025-01-25 19:56:32,691 - INFO - On change map vers gauche
2025-01-25 19:56:38,692 - INFO - 👜
2025-01-25 19:56:43,014 - ERROR - Aucune correspondance trouvée pour [zaap_1k] avec un score suffisant.
2025-01-25 19:56:45,267 - INFO - On change map vers gauche
2025-01-25 19:56:51,268 - INFO - 👜
2025-01-25 19:56:55,290 - ERROR - Aucune correspondance trouvée pour [zaap_1k] avec un score suffisant.
2025-01-25 19:56:57,518 - INFO - On change map vers gauche
2025-01-25 19:57:03,519 - INFO - 👜
2025-01-25 19:57:07,742 - ERROR - Aucune correspondance trouvée pour [zaap_1k] avec un score suffisant.
2025-01-25 19:57:10,032 - INFO - On change map vers gauche
2025-01-25 19:57:16,032 - INFO - 👜
2025-01-25 19:57:19,985 - ERROR - Aucune correspondance trouvée pour [zaap_1k] avec un score suffisant.
2025-01-25 19:57:22,215 - INFO - On change map vers gauche
2025-01-25 19:57:28,216 - INFO - 👜
2025-01-25 19:57:32,662 - ERROR - Aucune correspondance trouvée pour [zaap_1k] avec un score suffisant.
2025-01-25 19:57:34,931 - INFO - On change map vers gauche
2025-01-25 19:57:40,932 - INFO - 👜
2025-01-25 19:57:48,786 - INFO - champs de cania
2025-01-25 19:58:19,026 - INFO - 🚪
2025-01-25 19:58:20,570 - INFO - 🚪 ✅
2025-01-25 19:58:28,986 - INFO - ☀️
2025-01-25 19:58:29,341 - ERROR - Aucune correspondance trouvée pour [sun_1k] avec un score suffisant.
2025-01-25 19:58:29,341 - INFO - ☀️ ❌
2025-01-25 19:58:29,430 - ERROR - Aucune correspondance trouvée pour [sun2] avec un score suffisant.
2025-01-25 19:58:29,431 - INFO - ☀️ ❌
2025-01-25 19:58:40,796 - INFO - 🚪
2025-01-25 19:58:42,335 - INFO - 🚪 ✅
2025-01-25 19:58:50,885 - INFO - ☀️
2025-01-25 19:58:51,850 - INFO - ☀️ ✅
2025-01-25 19:58:56,851 - INFO - 📖
2025-01-25 20:00:23,598 - INFO - Une erreur inattendue s'est produite : PyAutoGUI fail-safe triggered from mouse moving to a corner of the screen. To disable this fail-safe, set pyautogui.FAILSAFE to False. DISABLING FAIL-SAFE IS NOT RECOMMENDED.
2025-01-25 20:00:23,598 - INFO - 

2025-01-25 20:00:23,599 - INFO - Redémarrage du processus principal...
2025-01-25 20:00:23,599 - INFO - 

2025-01-25 20:00:23,599 - INFO - On regarde si chasse en cours
